Started GET "/" for 127.0.0.1 at 2019-02-28 22:35:48 +0100
  [1m[35m (2.6ms)[0m  [1m[34mSELECT "schema_migrations"."version" FROM "schema_migrations" ORDER BY "schema_migrations"."version" ASC[0m
  ↳ /home/lordgoblin/.rvm/gems/ruby-2.5.1/gems/activerecord-5.2.1/lib/active_record/log_subscriber.rb:98
Processing by EmailController#index as HTML
  Rendering email/index.html.erb within layouts/application
  [1m[36mEmail Load (1.9ms)[0m  [1m[34mSELECT "emails".* FROM "emails"[0m
  ↳ app/views/email/index.html.erb:6
  Rendered email/index.html.erb within layouts/application (55.4ms)
Completed 200 OK in 30508ms (Views: 30465.7ms | ActiveRecord: 13.8ms)


Started GET "/" for 127.0.0.1 at 2019-02-28 22:36:46 +0100
Processing by EmailController#index as HTML
  Rendering email/index.html.erb within layouts/application
  [1m[36mEmail Load (2.5ms)[0m  [1m[34mSELECT "emails".* FROM "emails"[0m
  ↳ app/views/email/index.html.erb:6
  Rendered email/index.html.erb within layouts/application (12.8ms)
Completed 200 OK in 121ms (Views: 114.7ms | ActiveRecord: 2.5ms)


Started GET "/email/2" for 127.0.0.1 at 2019-02-28 22:36:48 +0100
Processing by EmailController#show as JS
  Parameters: {"id"=>"2"}
  [1m[36mEmail Load (1.1ms)[0m  [1m[34mSELECT  "emails".* FROM "emails" WHERE "emails"."id" = $1 LIMIT $2[0m  [["id", 2], ["LIMIT", 1]]
  ↳ app/controllers/email_controller.rb:9
  Rendering email/show.js.erb
  [1m[35m (0.3ms)[0m  [1m[35mBEGIN[0m
  ↳ app/views/email/show.js.erb:3
  [1m[35m (0.6ms)[0m  [1m[35mCOMMIT[0m
  ↳ app/views/email/show.js.erb:3
  Rendered email/_email.html.erb (1.7ms)
  Rendered email/show.js.erb (9.4ms)
Completed 200 OK in 83ms (Views: 15.2ms | ActiveRecord: 2.8ms)


Started DELETE "/email/2" for 127.0.0.1 at 2019-02-28 22:36:49 +0100
Processing by EmailController#destroy as JS
  Parameters: {"id"=>"2"}
  [1m[36mEmail Load (1.0ms)[0m  [1m[34mSELECT  "emails".* FROM "emails" WHERE "emails"."id" = $1 LIMIT $2[0m  [["id", 2], ["LIMIT", 1]]
  ↳ app/controllers/email_controller.rb:21
  [1m[35m (0.4ms)[0m  [1m[35mBEGIN[0m
  ↳ app/controllers/email_controller.rb:22
  [1m[36mEmail Destroy (0.9ms)[0m  [1m[31mDELETE FROM "emails" WHERE "emails"."id" = $1[0m  [["id", 2]]
  ↳ app/controllers/email_controller.rb:22
  [1m[35m (21.6ms)[0m  [1m[35mCOMMIT[0m
  ↳ app/controllers/email_controller.rb:22
  Rendering email/destroy.js.erb
  [1m[36mEmail Load (1.9ms)[0m  [1m[34mSELECT "emails".* FROM "emails"[0m
  ↳ app/views/email/_del.html.erb:2
  Rendered email/_del.html.erb (8.8ms)
  Rendered email/destroy.js.erb (12.4ms)
Completed 200 OK in 56ms (Views: 16.8ms | ActiveRecord: 25.9ms)


Started GET "/" for 127.0.0.1 at 2019-02-28 22:46:55 +0100
  [1m[35m (10.3ms)[0m  [1m[34mSELECT "schema_migrations"."version" FROM "schema_migrations" ORDER BY "schema_migrations"."version" ASC[0m
  ↳ /home/lordgoblin/.rvm/gems/ruby-2.5.1/gems/activerecord-5.2.2/lib/active_record/log_subscriber.rb:98
Processing by EmailController#index as HTML
  Rendering email/index.html.erb within layouts/application
  [1m[36mEmail Load (2.0ms)[0m  [1m[34mSELECT "emails".* FROM "emails"[0m
  ↳ app/views/email/index.html.erb:6
  Rendered email/index.html.erb within layouts/application (86.7ms)
Completed 200 OK in 27050ms (Views: 26972.3ms | ActiveRecord: 34.6ms)


Started GET "/" for 127.0.0.1 at 2019-02-28 22:47:28 +0100
Processing by EmailController#index as HTML
  Rendering email/index.html.erb within layouts/application
  [1m[36mEmail Load (1.4ms)[0m  [1m[34mSELECT "emails".* FROM "emails"[0m
  ↳ app/views/email/index.html.erb:6
  Rendered email/index.html.erb within layouts/application (13.4ms)
Completed 200 OK in 128ms (Views: 123.7ms | ActiveRecord: 1.4ms)


Started GET "/email/3" for 127.0.0.1 at 2019-02-28 22:47:29 +0100
Processing by EmailController#show as JS
  Parameters: {"id"=>"3"}
  [1m[36mEmail Load (1.1ms)[0m  [1m[34mSELECT  "emails".* FROM "emails" WHERE "emails"."id" = $1 LIMIT $2[0m  [["id", 3], ["LIMIT", 1]]
  ↳ app/controllers/email_controller.rb:9
  Rendering email/show.js.erb
  [1m[35m (0.3ms)[0m  [1m[35mBEGIN[0m
  ↳ app/views/email/show.js.erb:3
  [1m[35m (0.7ms)[0m  [1m[35mCOMMIT[0m
  ↳ app/views/email/show.js.erb:3
  Rendered email/_email.html.erb (1.6ms)
  Rendered email/show.js.erb (9.7ms)
Completed 200 OK in 103ms (Views: 24.1ms | ActiveRecord: 2.8ms)


Started DELETE "/email/3" for 127.0.0.1 at 2019-02-28 22:47:31 +0100
Processing by EmailController#destroy as JS
  Parameters: {"id"=>"3"}
  [1m[36mEmail Load (0.7ms)[0m  [1m[34mSELECT  "emails".* FROM "emails" WHERE "emails"."id" = $1 LIMIT $2[0m  [["id", 3], ["LIMIT", 1]]
  ↳ app/controllers/email_controller.rb:21
  [1m[35m (0.4ms)[0m  [1m[35mBEGIN[0m
  ↳ app/controllers/email_controller.rb:22
  [1m[36mEmail Destroy (0.9ms)[0m  [1m[31mDELETE FROM "emails" WHERE "emails"."id" = $1[0m  [["id", 3]]
  ↳ app/controllers/email_controller.rb:22
  [1m[35m (54.9ms)[0m  [1m[35mCOMMIT[0m
  ↳ app/controllers/email_controller.rb:22
  Rendering email/destroy.js.erb
  [1m[36mEmail Load (2.0ms)[0m  [1m[34mSELECT "emails".* FROM "emails"[0m
  ↳ app/views/email/_del.html.erb:2
  Rendered email/_del.html.erb (10.0ms)
  Rendered email/destroy.js.erb (14.6ms)
Completed 200 OK in 109ms (Views: 24.3ms | ActiveRecord: 59.0ms)


Started GET "/" for 127.0.0.1 at 2019-02-28 22:47:32 +0100
Processing by EmailController#index as HTML
  Rendering email/index.html.erb within layouts/application
  [1m[36mEmail Load (0.8ms)[0m  [1m[34mSELECT "emails".* FROM "emails"[0m
  ↳ app/views/email/index.html.erb:6
  Rendered email/index.html.erb within layouts/application (13.6ms)
Completed 200 OK in 196ms (Views: 191.9ms | ActiveRecord: 0.8ms)


Started GET "/" for 127.0.0.1 at 2019-02-28 23:05:14 +0100
  [1m[35m (54.4ms)[0m  [1m[34mSELECT "schema_migrations"."version" FROM "schema_migrations" ORDER BY "schema_migrations"."version" ASC[0m
  ↳ /home/lordgoblin/.rvm/gems/ruby-2.5.1/gems/activerecord-5.2.2/lib/active_record/log_subscriber.rb:98
Processing by EmailController#index as HTML
  Rendering email/index.html.erb within layouts/application
  [1m[36mEmail Load (25.6ms)[0m  [1m[34mSELECT "emails".* FROM "emails"[0m
  ↳ app/views/email/index.html.erb:6
  Rendered email/index.html.erb within layouts/application (120.1ms)
Completed 500 Internal Server Error in 1345ms (ActiveRecord: 36.7ms)


  
ActionView::Template::Error (File to import not found or unreadable: bootstrap.
Load paths:
  /home/lordgoblin/semaine08/jeudi/jeudi_rien_compris/app/assets/config
  /home/lordgoblin/semaine08/jeudi/jeudi_rien_compris/app/assets/images
  /home/lordgoblin/semaine08/jeudi/jeudi_rien_compris/app/assets/javascripts
  /home/lordgoblin/semaine08/jeudi/jeudi_rien_compris/app/assets/stylesheets
  /home/lordgoblin/semaine08/jeudi/jeudi_rien_compris/vendor/assets/javascripts
  /home/lordgoblin/.rvm/gems/ruby-2.5.1/gems/jquery-rails-4.3.3/vendor/assets/javascripts
  /home/lordgoblin/.rvm/gems/ruby-2.5.1/gems/coffee-rails-4.2.2/lib/assets/javascripts
  /home/lordgoblin/.rvm/gems/ruby-2.5.1/gems/actioncable-5.2.2/lib/assets/compiled
  /home/lordgoblin/.rvm/gems/ruby-2.5.1/gems/activestorage-5.2.2/app/assets/javascripts
  /home/lordgoblin/.rvm/gems/ruby-2.5.1/gems/actionview-5.2.2/lib/assets/compiled
  /home/lordgoblin/.rvm/gems/ruby-2.5.1/gems/turbolinks-source-5.2.0/lib/assets/javascripts
  /home/lordgoblin/semaine08/jeudi/jeudi_rien_compris/node_modules):
     5:     <%= csrf_meta_tags %>
     6:     <%= csp_meta_tag %>
     7: 
     8:     <%= stylesheet_link_tag    'application', media: 'all', 'data-turbolinks-track': 'reload' %>
     9:     <%= javascript_include_tag 'application', 'data-turbolinks-track': 'reload' %>
    10:     <meta name="viewport" content="width=device-width, initial-scale=1">
    11:   <meta http-equiv="X-UA-Compatible" content="IE=edge,chrome=1">
  
app/assets/stylesheets/application.scss:4
app/views/layouts/application.html.erb:8:in `_app_views_layouts_application_html_erb___1744088601123413250_47051003248880'
  [1m[35m (4.2ms)[0m  [1m[34mSELECT "schema_migrations"."version" FROM "schema_migrations" ORDER BY "schema_migrations"."version" ASC[0m
  ↳ bin/rails:9
  [1m[35m (20.8ms)[0m  [1m[34mSELECT "ar_internal_metadata"."value" FROM "ar_internal_metadata" WHERE "ar_internal_metadata"."key" = $1[0m  [["key", "environment"]]
  ↳ bin/rails:9
  [1m[35m (0.8ms)[0m  [1m[34mSELECT "schema_migrations"."version" FROM "schema_migrations" ORDER BY "schema_migrations"."version" ASC[0m
  ↳ bin/rails:9
  [1m[35m (0.9ms)[0m  [1m[34mSELECT "ar_internal_metadata"."value" FROM "ar_internal_metadata" WHERE "ar_internal_metadata"."key" = $1[0m  [["key", "environment"]]
  ↳ bin/rails:9
  [1m[35m (0.9ms)[0m  [1m[34mSELECT "schema_migrations"."version" FROM "schema_migrations" ORDER BY "schema_migrations"."version" ASC[0m
  ↳ bin/rails:9
  [1m[35m (0.9ms)[0m  [1m[34mSELECT "ar_internal_metadata"."value" FROM "ar_internal_metadata" WHERE "ar_internal_metadata"."key" = $1[0m  [["key", "environment"]]
  ↳ bin/rails:9
  [1m[35m (413.5ms)[0m  [1m[35mDROP DATABASE IF EXISTS "todolist-app_development"[0m
  ↳ bin/rails:9
  [1m[35m (243.6ms)[0m  [1m[35mDROP DATABASE IF EXISTS "todolist-app_test"[0m
  ↳ bin/rails:9
Started GET "/" for 127.0.0.1 at 2019-02-28 23:09:17 +0100
  
PG::ConnectionBad (FATAL:  la base de données « todolist-app_development » n'existe pas
):
  
pg (1.1.4) lib/pg.rb:56:in `initialize'
pg (1.1.4) lib/pg.rb:56:in `new'
pg (1.1.4) lib/pg.rb:56:in `connect'
activerecord (5.2.2) lib/active_record/connection_adapters/postgresql_adapter.rb:692:in `connect'
activerecord (5.2.2) lib/active_record/connection_adapters/postgresql_adapter.rb:223:in `initialize'
activerecord (5.2.2) lib/active_record/connection_adapters/postgresql_adapter.rb:48:in `new'
activerecord (5.2.2) lib/active_record/connection_adapters/postgresql_adapter.rb:48:in `postgresql_connection'
activerecord (5.2.2) lib/active_record/connection_adapters/abstract/connection_pool.rb:811:in `new_connection'
activerecord (5.2.2) lib/active_record/connection_adapters/abstract/connection_pool.rb:855:in `checkout_new_connection'
activerecord (5.2.2) lib/active_record/connection_adapters/abstract/connection_pool.rb:834:in `try_to_checkout_new_connection'
activerecord (5.2.2) lib/active_record/connection_adapters/abstract/connection_pool.rb:795:in `acquire_connection'
activerecord (5.2.2) lib/active_record/connection_adapters/abstract/connection_pool.rb:523:in `checkout'
activerecord (5.2.2) lib/active_record/connection_adapters/abstract/connection_pool.rb:382:in `connection'
activerecord (5.2.2) lib/active_record/connection_adapters/abstract/connection_pool.rb:1010:in `retrieve_connection'
activerecord (5.2.2) lib/active_record/connection_handling.rb:118:in `retrieve_connection'
activerecord (5.2.2) lib/active_record/connection_handling.rb:90:in `connection'
activerecord (5.2.2) lib/active_record/migration.rb:554:in `call'
actionpack (5.2.2) lib/action_dispatch/middleware/callbacks.rb:28:in `block in call'
activesupport (5.2.2) lib/active_support/callbacks.rb:98:in `run_callbacks'
actionpack (5.2.2) lib/action_dispatch/middleware/callbacks.rb:26:in `call'
actionpack (5.2.2) lib/action_dispatch/middleware/executor.rb:14:in `call'
actionpack (5.2.2) lib/action_dispatch/middleware/debug_exceptions.rb:61:in `call'
web-console (3.7.0) lib/web_console/middleware.rb:135:in `call_app'
web-console (3.7.0) lib/web_console/middleware.rb:30:in `block in call'
web-console (3.7.0) lib/web_console/middleware.rb:20:in `catch'
web-console (3.7.0) lib/web_console/middleware.rb:20:in `call'
actionpack (5.2.2) lib/action_dispatch/middleware/show_exceptions.rb:33:in `call'
railties (5.2.2) lib/rails/rack/logger.rb:38:in `call_app'
railties (5.2.2) lib/rails/rack/logger.rb:26:in `block in call'
activesupport (5.2.2) lib/active_support/tagged_logging.rb:71:in `block in tagged'
activesupport (5.2.2) lib/active_support/tagged_logging.rb:28:in `tagged'
activesupport (5.2.2) lib/active_support/tagged_logging.rb:71:in `tagged'
railties (5.2.2) lib/rails/rack/logger.rb:26:in `call'
sprockets-rails (3.2.1) lib/sprockets/rails/quiet_assets.rb:13:in `call'
actionpack (5.2.2) lib/action_dispatch/middleware/remote_ip.rb:81:in `call'
actionpack (5.2.2) lib/action_dispatch/middleware/request_id.rb:27:in `call'
rack (2.0.6) lib/rack/method_override.rb:22:in `call'
rack (2.0.6) lib/rack/runtime.rb:22:in `call'
activesupport (5.2.2) lib/active_support/cache/strategy/local_cache_middleware.rb:29:in `call'
actionpack (5.2.2) lib/action_dispatch/middleware/executor.rb:14:in `call'
actionpack (5.2.2) lib/action_dispatch/middleware/static.rb:127:in `call'
rack (2.0.6) lib/rack/sendfile.rb:111:in `call'
railties (5.2.2) lib/rails/engine.rb:524:in `call'
puma (3.12.0) lib/puma/configuration.rb:225:in `call'
puma (3.12.0) lib/puma/server.rb:658:in `handle_request'
puma (3.12.0) lib/puma/server.rb:472:in `process_client'
puma (3.12.0) lib/puma/server.rb:332:in `block in run'
puma (3.12.0) lib/puma/thread_pool.rb:133:in `block in spawn_thread'
  [1m[35m (1870.9ms)[0m  [1m[35mCREATE DATABASE "todolist-app_development" ENCODING = 'unicode'[0m
  ↳ bin/rails:9
  [1m[35m (612.2ms)[0m  [1m[35mCREATE DATABASE "todolist-app_test" ENCODING = 'unicode'[0m
  ↳ bin/rails:9
Started GET "/" for 127.0.0.1 at 2019-02-28 23:10:33 +0100
  
ActiveRecord::PendingMigrationError (

Migrations are pending. To resolve this issue, run:

        bin/rails db:migrate RAILS_ENV=development

):
  
activerecord (5.2.2) lib/active_record/migration.rb:579:in `check_pending!'
activerecord (5.2.2) lib/active_record/migration.rb:556:in `call'
actionpack (5.2.2) lib/action_dispatch/middleware/callbacks.rb:28:in `block in call'
activesupport (5.2.2) lib/active_support/callbacks.rb:98:in `run_callbacks'
actionpack (5.2.2) lib/action_dispatch/middleware/callbacks.rb:26:in `call'
actionpack (5.2.2) lib/action_dispatch/middleware/executor.rb:14:in `call'
actionpack (5.2.2) lib/action_dispatch/middleware/debug_exceptions.rb:61:in `call'
web-console (3.7.0) lib/web_console/middleware.rb:135:in `call_app'
web-console (3.7.0) lib/web_console/middleware.rb:30:in `block in call'
web-console (3.7.0) lib/web_console/middleware.rb:20:in `catch'
web-console (3.7.0) lib/web_console/middleware.rb:20:in `call'
actionpack (5.2.2) lib/action_dispatch/middleware/show_exceptions.rb:33:in `call'
railties (5.2.2) lib/rails/rack/logger.rb:38:in `call_app'
railties (5.2.2) lib/rails/rack/logger.rb:26:in `block in call'
activesupport (5.2.2) lib/active_support/tagged_logging.rb:71:in `block in tagged'
activesupport (5.2.2) lib/active_support/tagged_logging.rb:28:in `tagged'
activesupport (5.2.2) lib/active_support/tagged_logging.rb:71:in `tagged'
railties (5.2.2) lib/rails/rack/logger.rb:26:in `call'
sprockets-rails (3.2.1) lib/sprockets/rails/quiet_assets.rb:13:in `call'
actionpack (5.2.2) lib/action_dispatch/middleware/remote_ip.rb:81:in `call'
actionpack (5.2.2) lib/action_dispatch/middleware/request_id.rb:27:in `call'
rack (2.0.6) lib/rack/method_override.rb:22:in `call'
rack (2.0.6) lib/rack/runtime.rb:22:in `call'
activesupport (5.2.2) lib/active_support/cache/strategy/local_cache_middleware.rb:29:in `call'
actionpack (5.2.2) lib/action_dispatch/middleware/executor.rb:14:in `call'
actionpack (5.2.2) lib/action_dispatch/middleware/static.rb:127:in `call'
rack (2.0.6) lib/rack/sendfile.rb:111:in `call'
railties (5.2.2) lib/rails/engine.rb:524:in `call'
puma (3.12.0) lib/puma/configuration.rb:225:in `call'
puma (3.12.0) lib/puma/server.rb:658:in `handle_request'
puma (3.12.0) lib/puma/server.rb:472:in `process_client'
puma (3.12.0) lib/puma/server.rb:332:in `block in run'
puma (3.12.0) lib/puma/thread_pool.rb:133:in `block in spawn_thread'
  [1m[35m (131.3ms)[0m  [1m[35mCREATE TABLE "schema_migrations" ("version" character varying NOT NULL PRIMARY KEY)[0m
  ↳ bin/rails:9
  [1m[35m (94.2ms)[0m  [1m[35mCREATE TABLE "ar_internal_metadata" ("key" character varying NOT NULL PRIMARY KEY, "value" character varying, "created_at" timestamp NOT NULL, "updated_at" timestamp NOT NULL)[0m
  ↳ bin/rails:9
  [1m[35m (0.8ms)[0m  [1m[34mSELECT pg_try_advisory_lock(34377518426153490)[0m
  ↳ bin/rails:9
  [1m[35m (2.1ms)[0m  [1m[34mSELECT "schema_migrations"."version" FROM "schema_migrations" ORDER BY "schema_migrations"."version" ASC[0m
  ↳ bin/rails:9
Migrating to DeviseCreateUsers (20181115104424)
  [1m[35m (1.0ms)[0m  [1m[35mBEGIN[0m
  ↳ bin/rails:9
  [1m[35m (158.4ms)[0m  [1m[35mCREATE TABLE "users" ("id" bigserial primary key, "email" character varying DEFAULT '' NOT NULL, "encrypted_password" character varying DEFAULT '' NOT NULL, "reset_password_token" character varying, "reset_password_sent_at" timestamp, "remember_created_at" timestamp, "created_at" timestamp NOT NULL, "updated_at" timestamp NOT NULL)[0m
  ↳ db/migrate/20181115104424_devise_create_users.rb:5
  [1m[35m (38.5ms)[0m  [1m[35mCREATE UNIQUE INDEX  "index_users_on_email" ON "users"  ("email")[0m
  ↳ db/migrate/20181115104424_devise_create_users.rb:39
  [1m[35m (36.8ms)[0m  [1m[35mCREATE UNIQUE INDEX  "index_users_on_reset_password_token" ON "users"  ("reset_password_token")[0m
  ↳ db/migrate/20181115104424_devise_create_users.rb:40
  [1m[36mActiveRecord::SchemaMigration Create (2.2ms)[0m  [1m[32mINSERT INTO "schema_migrations" ("version") VALUES ($1) RETURNING "version"[0m  [["version", "20181115104424"]]
  ↳ bin/rails:9
  [1m[35m (17.3ms)[0m  [1m[35mCOMMIT[0m
  ↳ bin/rails:9
Migrating to CreateCategories (20181115131426)
  [1m[35m (0.8ms)[0m  [1m[35mBEGIN[0m
  ↳ bin/rails:9
  [1m[35m (97.3ms)[0m  [1m[35mCREATE TABLE "categories" ("id" bigserial primary key, "title" character varying, "created_at" timestamp NOT NULL, "updated_at" timestamp NOT NULL)[0m
  ↳ db/migrate/20181115131426_create_categories.rb:3
  [1m[36mActiveRecord::SchemaMigration Create (1.7ms)[0m  [1m[32mINSERT INTO "schema_migrations" ("version") VALUES ($1) RETURNING "version"[0m  [["version", "20181115131426"]]
  ↳ bin/rails:9
  [1m[35m (15.5ms)[0m  [1m[35mCOMMIT[0m
  ↳ bin/rails:9
Migrating to CreateTasks (20181116110123)
  [1m[35m (0.6ms)[0m  [1m[35mBEGIN[0m
  ↳ bin/rails:9
  [1m[35m (124.9ms)[0m  [1m[35mCREATE TABLE "tasks" ("id" bigserial primary key, "created_at" timestamp NOT NULL, "updated_at" timestamp NOT NULL, "title" character varying, "status" boolean DEFAULT FALSE, "deadline" timestamp, "category_id" bigint)[0m
  ↳ db/migrate/20181116110123_create_tasks.rb:3
  [1m[35m (62.7ms)[0m  [1m[35mCREATE  INDEX  "index_tasks_on_category_id" ON "tasks"  ("category_id")[0m
  ↳ db/migrate/20181116110123_create_tasks.rb:3
  [1m[36mActiveRecord::SchemaMigration Create (1.0ms)[0m  [1m[32mINSERT INTO "schema_migrations" ("version") VALUES ($1) RETURNING "version"[0m  [["version", "20181116110123"]]
  ↳ bin/rails:9
  [1m[35m (10.8ms)[0m  [1m[35mCOMMIT[0m
  ↳ bin/rails:9
Migrating to AddImagetoTask (20181116110124)
  [1m[35m (0.7ms)[0m  [1m[35mBEGIN[0m
  ↳ bin/rails:9
  [1m[35m (0.9ms)[0m  [1m[35mALTER TABLE "tasks" ADD "image" character varying[0m
  ↳ db/migrate/20181116110124_add_imageto_task.rb:3
  [1m[36mActiveRecord::SchemaMigration Create (0.8ms)[0m  [1m[32mINSERT INTO "schema_migrations" ("version") VALUES ($1) RETURNING "version"[0m  [["version", "20181116110124"]]
  ↳ bin/rails:9
  [1m[35m (9.5ms)[0m  [1m[35mCOMMIT[0m
  ↳ bin/rails:9
Migrating to CreateEmails (20190228142818)
  [1m[35m (0.5ms)[0m  [1m[35mBEGIN[0m
  ↳ bin/rails:9
  [1m[35m (167.4ms)[0m  [1m[35mCREATE TABLE "emails" ("id" bigserial primary key, "object" character varying, "body" text, "created_at" timestamp NOT NULL, "updated_at" timestamp NOT NULL)[0m
  ↳ db/migrate/20190228142818_create_emails.rb:3
  [1m[36mActiveRecord::SchemaMigration Create (1.7ms)[0m  [1m[32mINSERT INTO "schema_migrations" ("version") VALUES ($1) RETURNING "version"[0m  [["version", "20190228142818"]]
  ↳ bin/rails:9
  [1m[35m (12.1ms)[0m  [1m[35mCOMMIT[0m
  ↳ bin/rails:9
  [1m[36mActiveRecord::InternalMetadata Load (1.3ms)[0m  [1m[34mSELECT  "ar_internal_metadata".* FROM "ar_internal_metadata" WHERE "ar_internal_metadata"."key" = $1 LIMIT $2[0m  [["key", "environment"], ["LIMIT", 1]]
  ↳ bin/rails:9
  [1m[35m (0.6ms)[0m  [1m[35mBEGIN[0m
  ↳ bin/rails:9
  [1m[36mActiveRecord::InternalMetadata Create (1.4ms)[0m  [1m[32mINSERT INTO "ar_internal_metadata" ("key", "value", "created_at", "updated_at") VALUES ($1, $2, $3, $4) RETURNING "key"[0m  [["key", "environment"], ["value", "development"], ["created_at", "2019-02-28 22:10:55.336285"], ["updated_at", "2019-02-28 22:10:55.336285"]]
  ↳ bin/rails:9
  [1m[35m (7.3ms)[0m  [1m[35mCOMMIT[0m
  ↳ bin/rails:9
  [1m[35m (0.9ms)[0m  [1m[34mSELECT pg_advisory_unlock(34377518426153490)[0m
  ↳ bin/rails:9
  [1m[35m (1.1ms)[0m  [1m[34mSELECT "schema_migrations"."version" FROM "schema_migrations" ORDER BY "schema_migrations"."version" ASC[0m
  ↳ bin/rails:9
Started GET "/" for 127.0.0.1 at 2019-02-28 23:11:06 +0100
  [1m[35m (2.3ms)[0m  [1m[34mSELECT "schema_migrations"."version" FROM "schema_migrations" ORDER BY "schema_migrations"."version" ASC[0m
  ↳ /home/lordgoblin/.rvm/gems/ruby-2.5.1/gems/activerecord-5.2.2/lib/active_record/log_subscriber.rb:98
Processing by EmailController#index as HTML
  Rendering email/index.html.erb within layouts/application
  [1m[36mEmail Load (1.4ms)[0m  [1m[34mSELECT "emails".* FROM "emails"[0m
  ↳ app/views/email/index.html.erb:6
  Rendered email/index.html.erb within layouts/application (10.0ms)
Completed 500 Internal Server Error in 628ms (ActiveRecord: 5.7ms)


  
ActionView::Template::Error (File to import not found or unreadable: bootstrap.
Load paths:
  /home/lordgoblin/semaine08/jeudi/jeudi_rien_compris/app/assets/config
  /home/lordgoblin/semaine08/jeudi/jeudi_rien_compris/app/assets/images
  /home/lordgoblin/semaine08/jeudi/jeudi_rien_compris/app/assets/javascripts
  /home/lordgoblin/semaine08/jeudi/jeudi_rien_compris/app/assets/stylesheets
  /home/lordgoblin/semaine08/jeudi/jeudi_rien_compris/vendor/assets/javascripts
  /home/lordgoblin/.rvm/gems/ruby-2.5.1/gems/jquery-rails-4.3.3/vendor/assets/javascripts
  /home/lordgoblin/.rvm/gems/ruby-2.5.1/gems/coffee-rails-4.2.2/lib/assets/javascripts
  /home/lordgoblin/.rvm/gems/ruby-2.5.1/gems/actioncable-5.2.2/lib/assets/compiled
  /home/lordgoblin/.rvm/gems/ruby-2.5.1/gems/activestorage-5.2.2/app/assets/javascripts
  /home/lordgoblin/.rvm/gems/ruby-2.5.1/gems/actionview-5.2.2/lib/assets/compiled
  /home/lordgoblin/.rvm/gems/ruby-2.5.1/gems/turbolinks-source-5.2.0/lib/assets/javascripts
  /home/lordgoblin/semaine08/jeudi/jeudi_rien_compris/node_modules):
     5:     <%= csrf_meta_tags %>
     6:     <%= csp_meta_tag %>
     7: 
     8:     <%= stylesheet_link_tag    'application', media: 'all', 'data-turbolinks-track': 'reload' %>
     9:     <%= javascript_include_tag 'application', 'data-turbolinks-track': 'reload' %>
    10:     <meta name="viewport" content="width=device-width, initial-scale=1">
    11:   <meta http-equiv="X-UA-Compatible" content="IE=edge,chrome=1">
  
app/assets/stylesheets/application.scss:4
app/views/layouts/application.html.erb:8:in `_app_views_layouts_application_html_erb__3037693925394111913_70135244021780'
Started GET "/" for 127.0.0.1 at 2019-02-28 23:14:30 +0100
  [1m[35m (2.0ms)[0m  [1m[34mSELECT "schema_migrations"."version" FROM "schema_migrations" ORDER BY "schema_migrations"."version" ASC[0m
  ↳ /home/lordgoblin/.rvm/gems/ruby-2.5.1/gems/activerecord-5.2.2/lib/active_record/log_subscriber.rb:98
Processing by EmailController#index as HTML
  Rendering email/index.html.erb within layouts/application
  [1m[36mEmail Load (3.4ms)[0m  [1m[34mSELECT "emails".* FROM "emails"[0m
  ↳ app/views/email/index.html.erb:6
  Rendered email/index.html.erb within layouts/application (12.7ms)
Completed 500 Internal Server Error in 629ms (ActiveRecord: 7.4ms)


  
ActionView::Template::Error (File to import not found or unreadable: font-awesome.
Load paths:
  /home/lordgoblin/semaine08/jeudi/jeudi_rien_compris/app/assets/config
  /home/lordgoblin/semaine08/jeudi/jeudi_rien_compris/app/assets/images
  /home/lordgoblin/semaine08/jeudi/jeudi_rien_compris/app/assets/javascripts
  /home/lordgoblin/semaine08/jeudi/jeudi_rien_compris/app/assets/stylesheets
  /home/lordgoblin/semaine08/jeudi/jeudi_rien_compris/vendor/assets/javascripts
  /home/lordgoblin/.rvm/gems/ruby-2.5.1/gems/jquery-rails-4.3.3/vendor/assets/javascripts
  /home/lordgoblin/.rvm/gems/ruby-2.5.1/gems/coffee-rails-4.2.2/lib/assets/javascripts
  /home/lordgoblin/.rvm/gems/ruby-2.5.1/gems/actioncable-5.2.2/lib/assets/compiled
  /home/lordgoblin/.rvm/gems/ruby-2.5.1/gems/activestorage-5.2.2/app/assets/javascripts
  /home/lordgoblin/.rvm/gems/ruby-2.5.1/gems/actionview-5.2.2/lib/assets/compiled
  /home/lordgoblin/.rvm/gems/ruby-2.5.1/gems/turbolinks-source-5.2.0/lib/assets/javascripts
  /home/lordgoblin/semaine08/jeudi/jeudi_rien_compris/node_modules):
     5:     <%= csrf_meta_tags %>
     6:     <%= csp_meta_tag %>
     7: 
     8:     <%= stylesheet_link_tag    'application', media: 'all', 'data-turbolinks-track': 'reload' %>
     9:     <%= javascript_include_tag 'application', 'data-turbolinks-track': 'reload' %>
    10:     <meta name="viewport" content="width=device-width, initial-scale=1">
    11:   <meta http-equiv="X-UA-Compatible" content="IE=edge,chrome=1">
  
app/assets/stylesheets/application.scss:4
app/views/layouts/application.html.erb:8:in `_app_views_layouts_application_html_erb__3825990493685956654_47318542088720'
Started GET "/" for 127.0.0.1 at 2019-02-28 23:14:50 +0100
  [1m[35m (2.1ms)[0m  [1m[34mSELECT "schema_migrations"."version" FROM "schema_migrations" ORDER BY "schema_migrations"."version" ASC[0m
  ↳ /home/lordgoblin/.rvm/gems/ruby-2.5.1/gems/activerecord-5.2.2/lib/active_record/log_subscriber.rb:98
Processing by EmailController#index as HTML
  Rendering email/index.html.erb within layouts/application
  [1m[36mEmail Load (1.4ms)[0m  [1m[34mSELECT "emails".* FROM "emails"[0m
  ↳ app/views/email/index.html.erb:6
  Rendered email/index.html.erb within layouts/application (10.5ms)
Completed 200 OK in 2202ms (Views: 2169.6ms | ActiveRecord: 5.2ms)


Started GET "/" for 127.0.0.1 at 2019-02-28 23:16:21 +0100
  [1m[35m (3.0ms)[0m  [1m[34mSELECT "schema_migrations"."version" FROM "schema_migrations" ORDER BY "schema_migrations"."version" ASC[0m
  ↳ /home/lordgoblin/.rvm/gems/ruby-2.5.1/gems/activerecord-5.2.2/lib/active_record/log_subscriber.rb:98
Processing by EmailController#index as HTML
  Rendering email/index.html.erb within layouts/application
  [1m[36mEmail Load (1.2ms)[0m  [1m[34mSELECT "emails".* FROM "emails"[0m
  ↳ app/views/email/index.html.erb:6
  Rendered email/index.html.erb within layouts/application (10.5ms)
Completed 200 OK in 1160ms (Views: 1130.1ms | ActiveRecord: 6.0ms)


  [1m[35m (16.9ms)[0m  [1m[34mSELECT "schema_migrations"."version" FROM "schema_migrations" ORDER BY "schema_migrations"."version" ASC[0m
  ↳ bin/rails:9
  [1m[35m (0.4ms)[0m  [1m[35mBEGIN[0m
  ↳ db/seeds.rb:23
  [1m[36mEmail Create (32.8ms)[0m  [1m[32mINSERT INTO "emails" ("object", "body", "created_at", "updated_at") VALUES ($1, $2, $3, $4) RETURNING "id"[0m  [["object", "kenton@jenkins.io"], ["body", "There is no Esc key on Chuck Norris' keyboard, because no one escapes Chuck Norris."], ["created_at", "2019-02-28 22:16:48.976354"], ["updated_at", "2019-02-28 22:16:48.976354"]]
  ↳ db/seeds.rb:23
  [1m[35m (24.6ms)[0m  [1m[35mCOMMIT[0m
  ↳ db/seeds.rb:23
  [1m[35m (0.8ms)[0m  [1m[35mBEGIN[0m
  ↳ db/seeds.rb:23
  [1m[36mEmail Create (1.5ms)[0m  [1m[32mINSERT INTO "emails" ("object", "body", "created_at", "updated_at") VALUES ($1, $2, $3, $4) RETURNING "id"[0m  [["object", "francescorowe@okuneva.com"], ["body", "Chuck Norris can binary search unsorted data."], ["created_at", "2019-02-28 22:16:49.048541"], ["updated_at", "2019-02-28 22:16:49.048541"]]
  ↳ db/seeds.rb:23
  [1m[35m (7.0ms)[0m  [1m[35mCOMMIT[0m
  ↳ db/seeds.rb:23
  [1m[35m (0.7ms)[0m  [1m[35mBEGIN[0m
  ↳ db/seeds.rb:23
  [1m[36mEmail Create (1.7ms)[0m  [1m[32mINSERT INTO "emails" ("object", "body", "created_at", "updated_at") VALUES ($1, $2, $3, $4) RETURNING "id"[0m  [["object", "shanelangworth@wuckert.name"], ["body", "Project managers never ask Chuck Norris for estimations... ever."], ["created_at", "2019-02-28 22:16:49.064830"], ["updated_at", "2019-02-28 22:16:49.064830"]]
  ↳ db/seeds.rb:23
  [1m[35m (12.6ms)[0m  [1m[35mCOMMIT[0m
  ↳ db/seeds.rb:23
  [1m[35m (0.8ms)[0m  [1m[35mBEGIN[0m
  ↳ db/seeds.rb:23
  [1m[36mEmail Create (0.9ms)[0m  [1m[32mINSERT INTO "emails" ("object", "body", "created_at", "updated_at") VALUES ($1, $2, $3, $4) RETURNING "id"[0m  [["object", "mercedezgleichner@murray.biz"], ["body", "Project managers never ask Chuck Norris for estimations... ever."], ["created_at", "2019-02-28 22:16:49.089953"], ["updated_at", "2019-02-28 22:16:49.089953"]]
  ↳ db/seeds.rb:23
  [1m[35m (10.9ms)[0m  [1m[35mCOMMIT[0m
  ↳ db/seeds.rb:23
  [1m[35m (0.5ms)[0m  [1m[35mBEGIN[0m
  ↳ db/seeds.rb:23
  [1m[36mEmail Create (0.9ms)[0m  [1m[32mINSERT INTO "emails" ("object", "body", "created_at", "updated_at") VALUES ($1, $2, $3, $4) RETURNING "id"[0m  [["object", "shaina@paucek.co"], ["body", "There is no Esc key on Chuck Norris' keyboard, because no one escapes Chuck Norris."], ["created_at", "2019-02-28 22:16:49.108450"], ["updated_at", "2019-02-28 22:16:49.108450"]]
  ↳ db/seeds.rb:23
  [1m[35m (3.4ms)[0m  [1m[35mCOMMIT[0m
  ↳ db/seeds.rb:23
  [1m[35m (0.4ms)[0m  [1m[35mBEGIN[0m
  ↳ db/seeds.rb:23
  [1m[36mEmail Create (0.9ms)[0m  [1m[32mINSERT INTO "emails" ("object", "body", "created_at", "updated_at") VALUES ($1, $2, $3, $4) RETURNING "id"[0m  [["object", "chadblock@lebsack.info"], ["body", "Chuck Norris's beard can type 140 wpm."], ["created_at", "2019-02-28 22:16:49.120126"], ["updated_at", "2019-02-28 22:16:49.120126"]]
  ↳ db/seeds.rb:23
  [1m[35m (3.2ms)[0m  [1m[35mCOMMIT[0m
  ↳ db/seeds.rb:23
  [1m[35m (0.4ms)[0m  [1m[35mBEGIN[0m
  ↳ db/seeds.rb:23
  [1m[36mEmail Create (0.9ms)[0m  [1m[32mINSERT INTO "emails" ("object", "body", "created_at", "updated_at") VALUES ($1, $2, $3, $4) RETURNING "id"[0m  [["object", "maureenkonopelski@wisokycremin.io"], ["body", "Chuck Norris can spawn threads that complete before they are started."], ["created_at", "2019-02-28 22:16:49.130070"], ["updated_at", "2019-02-28 22:16:49.130070"]]
  ↳ db/seeds.rb:23
  [1m[35m (4.2ms)[0m  [1m[35mCOMMIT[0m
  ↳ db/seeds.rb:23
  [1m[35m (0.6ms)[0m  [1m[35mBEGIN[0m
  ↳ db/seeds.rb:23
  [1m[36mEmail Create (0.8ms)[0m  [1m[32mINSERT INTO "emails" ("object", "body", "created_at", "updated_at") VALUES ($1, $2, $3, $4) RETURNING "id"[0m  [["object", "lovellabernhard@mosciski.biz"], ["body", "Chuck Norris rewrote the Google search engine from scratch."], ["created_at", "2019-02-28 22:16:49.141215"], ["updated_at", "2019-02-28 22:16:49.141215"]]
  ↳ db/seeds.rb:23
  [1m[35m (4.0ms)[0m  [1m[35mCOMMIT[0m
  ↳ db/seeds.rb:23
  [1m[35m (0.7ms)[0m  [1m[35mBEGIN[0m
  ↳ db/seeds.rb:23
  [1m[36mEmail Create (0.9ms)[0m  [1m[32mINSERT INTO "emails" ("object", "body", "created_at", "updated_at") VALUES ($1, $2, $3, $4) RETURNING "id"[0m  [["object", "robertobrown@considinesmitham.com"], ["body", "Chuck Norris doesn't program with a keyboard. He stares the computer down until it does what he wants."], ["created_at", "2019-02-28 22:16:49.152662"], ["updated_at", "2019-02-28 22:16:49.152662"]]
  ↳ db/seeds.rb:23
  [1m[35m (3.5ms)[0m  [1m[35mCOMMIT[0m
  ↳ db/seeds.rb:23
  [1m[35m (0.4ms)[0m  [1m[35mBEGIN[0m
  ↳ db/seeds.rb:23
  [1m[36mEmail Create (0.9ms)[0m  [1m[32mINSERT INTO "emails" ("object", "body", "created_at", "updated_at") VALUES ($1, $2, $3, $4) RETURNING "id"[0m  [["object", "celesta@mannrunolfsdottir.io"], ["body", "Chuck Norris doesn't need to know about class factory pattern. He can instantiate interfaces."], ["created_at", "2019-02-28 22:16:49.163798"], ["updated_at", "2019-02-28 22:16:49.163798"]]
  ↳ db/seeds.rb:23
  [1m[35m (3.5ms)[0m  [1m[35mCOMMIT[0m
  ↳ db/seeds.rb:23
Started GET "/" for 127.0.0.1 at 2019-02-28 23:17:19 +0100
  [1m[35m (2.1ms)[0m  [1m[34mSELECT "schema_migrations"."version" FROM "schema_migrations" ORDER BY "schema_migrations"."version" ASC[0m
  ↳ /home/lordgoblin/.rvm/gems/ruby-2.5.1/gems/activerecord-5.2.2/lib/active_record/log_subscriber.rb:98
Processing by EmailController#index as HTML
  Rendering email/index.html.erb within layouts/application
  [1m[36mEmail Load (1.5ms)[0m  [1m[34mSELECT "emails".* FROM "emails"[0m
  ↳ app/views/email/index.html.erb:6
  Rendered email/index.html.erb within layouts/application (62.8ms)
Completed 200 OK in 636ms (Views: 598.1ms | ActiveRecord: 12.1ms)


Started GET "/email/1" for 127.0.0.1 at 2019-02-28 23:17:22 +0100
Processing by EmailController#show as JS
  Parameters: {"id"=>"1"}
  [1m[36mEmail Load (1.0ms)[0m  [1m[34mSELECT  "emails".* FROM "emails" WHERE "emails"."id" = $1 LIMIT $2[0m  [["id", 1], ["LIMIT", 1]]
  ↳ app/controllers/email_controller.rb:9
  Rendering email/show.js.erb
  [1m[35m (0.4ms)[0m  [1m[35mBEGIN[0m
  ↳ app/views/email/show.js.erb:3
  [1m[35m (0.5ms)[0m  [1m[35mCOMMIT[0m
  ↳ app/views/email/show.js.erb:3
  Rendered email/_email.html.erb (1.6ms)
  Rendered email/show.js.erb (8.7ms)
Completed 200 OK in 51ms (Views: 14.4ms | ActiveRecord: 2.7ms)


Started DELETE "/email/1" for 127.0.0.1 at 2019-02-28 23:17:23 +0100
Processing by EmailController#destroy as JS
  Parameters: {"id"=>"1"}
  [1m[36mEmail Load (0.9ms)[0m  [1m[34mSELECT  "emails".* FROM "emails" WHERE "emails"."id" = $1 LIMIT $2[0m  [["id", 1], ["LIMIT", 1]]
  ↳ app/controllers/email_controller.rb:21
  [1m[35m (0.3ms)[0m  [1m[35mBEGIN[0m
  ↳ app/controllers/email_controller.rb:22
  [1m[36mEmail Destroy (1.0ms)[0m  [1m[31mDELETE FROM "emails" WHERE "emails"."id" = $1[0m  [["id", 1]]
  ↳ app/controllers/email_controller.rb:22
  [1m[35m (36.8ms)[0m  [1m[35mCOMMIT[0m
  ↳ app/controllers/email_controller.rb:22
  Rendering email/destroy.js.erb
  [1m[36mEmail Load (1.1ms)[0m  [1m[34mSELECT "emails".* FROM "emails"[0m
  ↳ app/views/email/_del.html.erb:2
  Rendered email/_del.html.erb (5.8ms)
  Rendered email/destroy.js.erb (10.2ms)
Completed 200 OK in 86ms (Views: 15.3ms | ActiveRecord: 40.0ms)


Started GET "/email/2" for 127.0.0.1 at 2019-02-28 23:17:24 +0100
Processing by EmailController#show as JS
  Parameters: {"id"=>"2"}
  [1m[36mEmail Load (0.7ms)[0m  [1m[34mSELECT  "emails".* FROM "emails" WHERE "emails"."id" = $1 LIMIT $2[0m  [["id", 2], ["LIMIT", 1]]
  ↳ app/controllers/email_controller.rb:9
  Rendering email/show.js.erb
  [1m[35m (0.4ms)[0m  [1m[35mBEGIN[0m
  ↳ app/views/email/show.js.erb:3
  [1m[35m (0.7ms)[0m  [1m[35mCOMMIT[0m
  ↳ app/views/email/show.js.erb:3
  Rendered email/_email.html.erb (1.5ms)
  Rendered email/show.js.erb (7.7ms)
Completed 200 OK in 20ms (Views: 13.6ms | ActiveRecord: 1.8ms)


Started DELETE "/email/2" for 127.0.0.1 at 2019-02-28 23:17:26 +0100
Processing by EmailController#destroy as JS
  Parameters: {"id"=>"2"}
  [1m[36mEmail Load (0.7ms)[0m  [1m[34mSELECT  "emails".* FROM "emails" WHERE "emails"."id" = $1 LIMIT $2[0m  [["id", 2], ["LIMIT", 1]]
  ↳ app/controllers/email_controller.rb:21
  [1m[35m (0.4ms)[0m  [1m[35mBEGIN[0m
  ↳ app/controllers/email_controller.rb:22
  [1m[36mEmail Destroy (0.8ms)[0m  [1m[31mDELETE FROM "emails" WHERE "emails"."id" = $1[0m  [["id", 2]]
  ↳ app/controllers/email_controller.rb:22
  [1m[35m (20.9ms)[0m  [1m[35mCOMMIT[0m
  ↳ app/controllers/email_controller.rb:22
  Rendering email/destroy.js.erb
  [1m[36mEmail Load (1.2ms)[0m  [1m[34mSELECT "emails".* FROM "emails"[0m
  ↳ app/views/email/_del.html.erb:2
  Rendered email/_del.html.erb (5.7ms)
  Rendered email/destroy.js.erb (8.5ms)
Completed 200 OK in 51ms (Views: 16.8ms | ActiveRecord: 24.2ms)


Started GET "/" for 127.0.0.1 at 2019-02-28 23:58:11 +0100
  [1m[35m (2.8ms)[0m  [1m[34mSELECT "schema_migrations"."version" FROM "schema_migrations" ORDER BY "schema_migrations"."version" ASC[0m
  ↳ /home/lordgoblin/.rvm/gems/ruby-2.5.1/gems/activerecord-5.2.2/lib/active_record/log_subscriber.rb:98
  
ActiveRecord::PendingMigrationError (

Migrations are pending. To resolve this issue, run:

        bin/rails db:migrate RAILS_ENV=development

):
  
activerecord (5.2.2) lib/active_record/migration.rb:579:in `check_pending!'
activerecord (5.2.2) lib/active_record/migration.rb:556:in `call'
actionpack (5.2.2) lib/action_dispatch/middleware/callbacks.rb:28:in `block in call'
activesupport (5.2.2) lib/active_support/callbacks.rb:98:in `run_callbacks'
actionpack (5.2.2) lib/action_dispatch/middleware/callbacks.rb:26:in `call'
actionpack (5.2.2) lib/action_dispatch/middleware/executor.rb:14:in `call'
actionpack (5.2.2) lib/action_dispatch/middleware/debug_exceptions.rb:61:in `call'
web-console (3.7.0) lib/web_console/middleware.rb:135:in `call_app'
web-console (3.7.0) lib/web_console/middleware.rb:30:in `block in call'
web-console (3.7.0) lib/web_console/middleware.rb:20:in `catch'
web-console (3.7.0) lib/web_console/middleware.rb:20:in `call'
actionpack (5.2.2) lib/action_dispatch/middleware/show_exceptions.rb:33:in `call'
railties (5.2.2) lib/rails/rack/logger.rb:38:in `call_app'
railties (5.2.2) lib/rails/rack/logger.rb:26:in `block in call'
activesupport (5.2.2) lib/active_support/tagged_logging.rb:71:in `block in tagged'
activesupport (5.2.2) lib/active_support/tagged_logging.rb:28:in `tagged'
activesupport (5.2.2) lib/active_support/tagged_logging.rb:71:in `tagged'
railties (5.2.2) lib/rails/rack/logger.rb:26:in `call'
sprockets-rails (3.2.1) lib/sprockets/rails/quiet_assets.rb:13:in `call'
actionpack (5.2.2) lib/action_dispatch/middleware/remote_ip.rb:81:in `call'
actionpack (5.2.2) lib/action_dispatch/middleware/request_id.rb:27:in `call'
rack (2.0.6) lib/rack/method_override.rb:22:in `call'
rack (2.0.6) lib/rack/runtime.rb:22:in `call'
activesupport (5.2.2) lib/active_support/cache/strategy/local_cache_middleware.rb:29:in `call'
actionpack (5.2.2) lib/action_dispatch/middleware/executor.rb:14:in `call'
actionpack (5.2.2) lib/action_dispatch/middleware/static.rb:127:in `call'
rack (2.0.6) lib/rack/sendfile.rb:111:in `call'
railties (5.2.2) lib/rails/engine.rb:524:in `call'
puma (3.12.0) lib/puma/configuration.rb:225:in `call'
puma (3.12.0) lib/puma/server.rb:658:in `handle_request'
puma (3.12.0) lib/puma/server.rb:472:in `process_client'
puma (3.12.0) lib/puma/server.rb:332:in `block in run'
puma (3.12.0) lib/puma/thread_pool.rb:133:in `block in spawn_thread'
  [1m[35m (3.7ms)[0m  [1m[34mSELECT "schema_migrations"."version" FROM "schema_migrations" ORDER BY "schema_migrations"."version" ASC[0m
  ↳ bin/rails:9
  [1m[35m (1.9ms)[0m  [1m[34mSELECT "ar_internal_metadata"."value" FROM "ar_internal_metadata" WHERE "ar_internal_metadata"."key" = $1[0m  [["key", "environment"]]
  ↳ bin/rails:9
  [1m[35m (1.4ms)[0m  [1m[34mSELECT "schema_migrations"."version" FROM "schema_migrations" ORDER BY "schema_migrations"."version" ASC[0m
  ↳ bin/rails:9
  [1m[35m (0.8ms)[0m  [1m[34mSELECT "ar_internal_metadata"."value" FROM "ar_internal_metadata" WHERE "ar_internal_metadata"."key" = $1[0m  [["key", "environment"]]
  ↳ bin/rails:9
  [1m[35m (1.0ms)[0m  [1m[34mSELECT "schema_migrations"."version" FROM "schema_migrations" ORDER BY "schema_migrations"."version" ASC[0m
  ↳ bin/rails:9
  [1m[35m (0.8ms)[0m  [1m[34mSELECT "ar_internal_metadata"."value" FROM "ar_internal_metadata" WHERE "ar_internal_metadata"."key" = $1[0m  [["key", "environment"]]
  ↳ bin/rails:9
  [1m[35m (245.4ms)[0m  [1m[35mDROP DATABASE IF EXISTS "todolist-app_development"[0m
  ↳ bin/rails:9
  [1m[35m (243.6ms)[0m  [1m[35mDROP DATABASE IF EXISTS "todolist-app_test"[0m
  ↳ bin/rails:9
  [1m[35m (649.2ms)[0m  [1m[35mCREATE DATABASE "todolist-app_development" ENCODING = 'unicode'[0m
  ↳ bin/rails:9
  [1m[35m (619.7ms)[0m  [1m[35mCREATE DATABASE "todolist-app_test" ENCODING = 'unicode'[0m
  ↳ bin/rails:9
  [1m[35m (120.7ms)[0m  [1m[35mCREATE TABLE "schema_migrations" ("version" character varying NOT NULL PRIMARY KEY)[0m
  ↳ bin/rails:9
  [1m[35m (97.1ms)[0m  [1m[35mCREATE TABLE "ar_internal_metadata" ("key" character varying NOT NULL PRIMARY KEY, "value" character varying, "created_at" timestamp NOT NULL, "updated_at" timestamp NOT NULL)[0m
  ↳ bin/rails:9
  [1m[35m (1.5ms)[0m  [1m[34mSELECT pg_try_advisory_lock(34377518426153490)[0m
  ↳ bin/rails:9
  [1m[35m (2.3ms)[0m  [1m[34mSELECT "schema_migrations"."version" FROM "schema_migrations" ORDER BY "schema_migrations"."version" ASC[0m
  ↳ bin/rails:9
Migrating to DeviseCreateUsers (20181115104424)
  [1m[35m (0.6ms)[0m  [1m[35mBEGIN[0m
  ↳ bin/rails:9
  [1m[35m (109.2ms)[0m  [1m[35mCREATE TABLE "users" ("id" bigserial primary key, "email" character varying DEFAULT '' NOT NULL, "encrypted_password" character varying DEFAULT '' NOT NULL, "reset_password_token" character varying, "reset_password_sent_at" timestamp, "remember_created_at" timestamp, "created_at" timestamp NOT NULL, "updated_at" timestamp NOT NULL)[0m
  ↳ db/migrate/20181115104424_devise_create_users.rb:5
  [1m[35m (49.5ms)[0m  [1m[35mCREATE UNIQUE INDEX  "index_users_on_email" ON "users"  ("email")[0m
  ↳ db/migrate/20181115104424_devise_create_users.rb:39
  [1m[35m (55.4ms)[0m  [1m[35mCREATE UNIQUE INDEX  "index_users_on_reset_password_token" ON "users"  ("reset_password_token")[0m
  ↳ db/migrate/20181115104424_devise_create_users.rb:40
  [1m[36mActiveRecord::SchemaMigration Create (1.3ms)[0m  [1m[32mINSERT INTO "schema_migrations" ("version") VALUES ($1) RETURNING "version"[0m  [["version", "20181115104424"]]
  ↳ bin/rails:9
  [1m[35m (17.8ms)[0m  [1m[35mCOMMIT[0m
  ↳ bin/rails:9
Migrating to CreateCategories (20181115131426)
  [1m[35m (0.9ms)[0m  [1m[35mBEGIN[0m
  ↳ bin/rails:9
  [1m[35m (116.6ms)[0m  [1m[35mCREATE TABLE "categories" ("id" bigserial primary key, "title" character varying, "created_at" timestamp NOT NULL, "updated_at" timestamp NOT NULL)[0m
  ↳ db/migrate/20181115131426_create_categories.rb:3
  [1m[36mActiveRecord::SchemaMigration Create (1.8ms)[0m  [1m[32mINSERT INTO "schema_migrations" ("version") VALUES ($1) RETURNING "version"[0m  [["version", "20181115131426"]]
  ↳ bin/rails:9
  [1m[35m (18.1ms)[0m  [1m[35mCOMMIT[0m
  ↳ bin/rails:9
Migrating to CreateTasks (20181116110123)
  [1m[35m (0.7ms)[0m  [1m[35mBEGIN[0m
  ↳ bin/rails:9
  [1m[35m (124.2ms)[0m  [1m[35mCREATE TABLE "tasks" ("id" bigserial primary key, "created_at" timestamp NOT NULL, "updated_at" timestamp NOT NULL, "title" character varying, "status" boolean DEFAULT FALSE, "deadline" timestamp, "category_id" bigint)[0m
  ↳ db/migrate/20181116110123_create_tasks.rb:3
  [1m[35m (54.6ms)[0m  [1m[35mCREATE  INDEX  "index_tasks_on_category_id" ON "tasks"  ("category_id")[0m
  ↳ db/migrate/20181116110123_create_tasks.rb:3
  [1m[36mActiveRecord::SchemaMigration Create (1.3ms)[0m  [1m[32mINSERT INTO "schema_migrations" ("version") VALUES ($1) RETURNING "version"[0m  [["version", "20181116110123"]]
  ↳ bin/rails:9
  [1m[35m (9.0ms)[0m  [1m[35mCOMMIT[0m
  ↳ bin/rails:9
Migrating to AddImagetoTask (20181116110124)
  [1m[35m (0.4ms)[0m  [1m[35mBEGIN[0m
  ↳ bin/rails:9
  [1m[35m (10.0ms)[0m  [1m[35mALTER TABLE "tasks" ADD "image" character varying[0m
  ↳ db/migrate/20181116110124_add_imageto_task.rb:3
  [1m[36mActiveRecord::SchemaMigration Create (1.1ms)[0m  [1m[32mINSERT INTO "schema_migrations" ("version") VALUES ($1) RETURNING "version"[0m  [["version", "20181116110124"]]
  ↳ bin/rails:9
  [1m[35m (12.2ms)[0m  [1m[35mCOMMIT[0m
  ↳ bin/rails:9
Migrating to CreateEmails (20190228142818)
  [1m[35m (0.5ms)[0m  [1m[35mBEGIN[0m
  ↳ bin/rails:9
  [1m[35m (98.7ms)[0m  [1m[35mCREATE TABLE "emails" ("id" bigserial primary key, "object" character varying, "body" text, "created_at" timestamp NOT NULL, "updated_at" timestamp NOT NULL)[0m
  ↳ db/migrate/20190228142818_create_emails.rb:3
  [1m[36mActiveRecord::SchemaMigration Create (1.2ms)[0m  [1m[32mINSERT INTO "schema_migrations" ("version") VALUES ($1) RETURNING "version"[0m  [["version", "20190228142818"]]
  ↳ bin/rails:9
  [1m[35m (10.0ms)[0m  [1m[35mCOMMIT[0m
  ↳ bin/rails:9
  [1m[36mActiveRecord::InternalMetadata Load (1.1ms)[0m  [1m[34mSELECT  "ar_internal_metadata".* FROM "ar_internal_metadata" WHERE "ar_internal_metadata"."key" = $1 LIMIT $2[0m  [["key", "environment"], ["LIMIT", 1]]
  ↳ bin/rails:9
  [1m[35m (0.4ms)[0m  [1m[35mBEGIN[0m
  ↳ bin/rails:9
  [1m[36mActiveRecord::InternalMetadata Create (1.4ms)[0m  [1m[32mINSERT INTO "ar_internal_metadata" ("key", "value", "created_at", "updated_at") VALUES ($1, $2, $3, $4) RETURNING "key"[0m  [["key", "environment"], ["value", "development"], ["created_at", "2019-02-28 22:59:07.046514"], ["updated_at", "2019-02-28 22:59:07.046514"]]
  ↳ bin/rails:9
  [1m[35m (6.6ms)[0m  [1m[35mCOMMIT[0m
  ↳ bin/rails:9
  [1m[35m (0.9ms)[0m  [1m[34mSELECT pg_advisory_unlock(34377518426153490)[0m
  ↳ bin/rails:9
  [1m[35m (1.1ms)[0m  [1m[34mSELECT "schema_migrations"."version" FROM "schema_migrations" ORDER BY "schema_migrations"."version" ASC[0m
  ↳ bin/rails:9
  [1m[35m (3.7ms)[0m  [1m[34mSELECT "schema_migrations"."version" FROM "schema_migrations" ORDER BY "schema_migrations"."version" ASC[0m
  ↳ bin/rails:9
  [1m[35m (0.4ms)[0m  [1m[35mBEGIN[0m
  ↳ db/seeds.rb:23
  [1m[36mEmail Create (2.0ms)[0m  [1m[32mINSERT INTO "emails" ("object", "body", "created_at", "updated_at") VALUES ($1, $2, $3, $4) RETURNING "id"[0m  [["object", "charis@lynch.com"], ["body", "Chuck Norris' programs occupy 150% of CPU, even when they are not executing."], ["created_at", "2019-02-28 22:59:25.753064"], ["updated_at", "2019-02-28 22:59:25.753064"]]
  ↳ db/seeds.rb:23
  [1m[35m (21.6ms)[0m  [1m[35mCOMMIT[0m
  ↳ db/seeds.rb:23
  [1m[35m (0.7ms)[0m  [1m[35mBEGIN[0m
  ↳ db/seeds.rb:23
  [1m[36mEmail Create (1.4ms)[0m  [1m[32mINSERT INTO "emails" ("object", "body", "created_at", "updated_at") VALUES ($1, $2, $3, $4) RETURNING "id"[0m  [["object", "rosann@mcclure.info"], ["body", "Chuck Norris doesn't get compiler errors, the language changes itself to accommodate Chuck Norris."], ["created_at", "2019-02-28 22:59:25.784716"], ["updated_at", "2019-02-28 22:59:25.784716"]]
  ↳ db/seeds.rb:23
  [1m[35m (12.6ms)[0m  [1m[35mCOMMIT[0m
  ↳ db/seeds.rb:23
  [1m[35m (0.7ms)[0m  [1m[35mBEGIN[0m
  ↳ db/seeds.rb:23
  [1m[36mEmail Create (1.4ms)[0m  [1m[32mINSERT INTO "emails" ("object", "body", "created_at", "updated_at") VALUES ($1, $2, $3, $4) RETURNING "id"[0m  [["object", "tovapfannerstill@schmidtmcclure.biz"], ["body", "Chuck Norris compresses his files by doing a flying round house kick to the hard drive."], ["created_at", "2019-02-28 22:59:25.811450"], ["updated_at", "2019-02-28 22:59:25.811450"]]
  ↳ db/seeds.rb:23
  [1m[35m (7.6ms)[0m  [1m[35mCOMMIT[0m
  ↳ db/seeds.rb:23
  [1m[35m (0.7ms)[0m  [1m[35mBEGIN[0m
  ↳ db/seeds.rb:23
  [1m[36mEmail Create (1.4ms)[0m  [1m[32mINSERT INTO "emails" ("object", "body", "created_at", "updated_at") VALUES ($1, $2, $3, $4) RETURNING "id"[0m  [["object", "tommie@jakubowski.name"], ["body", "Chuck Norris can instantiate an abstract class."], ["created_at", "2019-02-28 22:59:25.828888"], ["updated_at", "2019-02-28 22:59:25.828888"]]
  ↳ db/seeds.rb:23
  [1m[35m (12.6ms)[0m  [1m[35mCOMMIT[0m
  ↳ db/seeds.rb:23
  [1m[35m (0.7ms)[0m  [1m[35mBEGIN[0m
  ↳ db/seeds.rb:23
  [1m[36mEmail Create (1.6ms)[0m  [1m[32mINSERT INTO "emails" ("object", "body", "created_at", "updated_at") VALUES ($1, $2, $3, $4) RETURNING "id"[0m  [["object", "maishamitchell@feestokeefe.io"], ["body", "Chuck Norris can't test for equality because he has no equal."], ["created_at", "2019-02-28 22:59:25.853192"], ["updated_at", "2019-02-28 22:59:25.853192"]]
  ↳ db/seeds.rb:23
  [1m[35m (7.7ms)[0m  [1m[35mCOMMIT[0m
  ↳ db/seeds.rb:23
  [1m[35m (0.5ms)[0m  [1m[35mBEGIN[0m
  ↳ db/seeds.rb:23
  [1m[36mEmail Create (1.2ms)[0m  [1m[32mINSERT INTO "emails" ("object", "body", "created_at", "updated_at") VALUES ($1, $2, $3, $4) RETURNING "id"[0m  [["object", "ushamayert@klocko.com"], ["body", "Chuck Norris doesn't pair program."], ["created_at", "2019-02-28 22:59:25.873132"], ["updated_at", "2019-02-28 22:59:25.873132"]]
  ↳ db/seeds.rb:23
  [1m[35m (13.4ms)[0m  [1m[35mCOMMIT[0m
  ↳ db/seeds.rb:23
  [1m[35m (0.5ms)[0m  [1m[35mBEGIN[0m
  ↳ db/seeds.rb:23
  [1m[36mEmail Create (0.9ms)[0m  [1m[32mINSERT INTO "emails" ("object", "body", "created_at", "updated_at") VALUES ($1, $2, $3, $4) RETURNING "id"[0m  [["object", "robwalsh@wolf.com"], ["body", "Chuck Norris can access the DB from the UI."], ["created_at", "2019-02-28 22:59:25.895263"], ["updated_at", "2019-02-28 22:59:25.895263"]]
  ↳ db/seeds.rb:23
  [1m[35m (2.5ms)[0m  [1m[35mCOMMIT[0m
  ↳ db/seeds.rb:23
  [1m[35m (0.6ms)[0m  [1m[35mBEGIN[0m
  ↳ db/seeds.rb:23
  [1m[36mEmail Create (0.8ms)[0m  [1m[32mINSERT INTO "emails" ("object", "body", "created_at", "updated_at") VALUES ($1, $2, $3, $4) RETURNING "id"[0m  [["object", "glory@lebsackswaniawski.info"], ["body", "Chuck Norris doesn't need garbage collection because he doesn't call .Dispose(), he calls .DropKick()."], ["created_at", "2019-02-28 22:59:25.906293"], ["updated_at", "2019-02-28 22:59:25.906293"]]
  ↳ db/seeds.rb:23
  [1m[35m (3.5ms)[0m  [1m[35mCOMMIT[0m
  ↳ db/seeds.rb:23
  [1m[35m (0.4ms)[0m  [1m[35mBEGIN[0m
  ↳ db/seeds.rb:23
  [1m[36mEmail Create (0.9ms)[0m  [1m[32mINSERT INTO "emails" ("object", "body", "created_at", "updated_at") VALUES ($1, $2, $3, $4) RETURNING "id"[0m  [["object", "bradfordmosciski@christiansen.name"], ["body", "Chuck Norris can divide by zero."], ["created_at", "2019-02-28 22:59:25.916072"], ["updated_at", "2019-02-28 22:59:25.916072"]]
  ↳ db/seeds.rb:23
  [1m[35m (4.6ms)[0m  [1m[35mCOMMIT[0m
  ↳ db/seeds.rb:23
  [1m[35m (0.4ms)[0m  [1m[35mBEGIN[0m
  ↳ db/seeds.rb:23
  [1m[36mEmail Create (1.0ms)[0m  [1m[32mINSERT INTO "emails" ("object", "body", "created_at", "updated_at") VALUES ($1, $2, $3, $4) RETURNING "id"[0m  [["object", "carrolryan@schneiderruecker.name"], ["body", "Chuck Norris can use GOTO as much as he wants to. Telling him otherwise is considered harmful."], ["created_at", "2019-02-28 22:59:25.927344"], ["updated_at", "2019-02-28 22:59:25.927344"]]
  ↳ db/seeds.rb:23
  [1m[35m (4.2ms)[0m  [1m[35mCOMMIT[0m
  ↳ db/seeds.rb:23
Started GET "/" for 127.0.0.1 at 2019-02-28 23:59:37 +0100
  [1m[35m (2.2ms)[0m  [1m[34mSELECT "schema_migrations"."version" FROM "schema_migrations" ORDER BY "schema_migrations"."version" ASC[0m
  ↳ /home/lordgoblin/.rvm/gems/ruby-2.5.1/gems/activerecord-5.2.2/lib/active_record/log_subscriber.rb:98
Processing by EmailController#index as HTML
  Rendering email/index.html.erb within layouts/application
  [1m[36mEmail Load (1.3ms)[0m  [1m[34mSELECT "emails".* FROM "emails"[0m
  ↳ app/views/email/index.html.erb:6
  Rendered email/index.html.erb within layouts/application (61.5ms)
Completed 200 OK in 1378ms (Views: 1324.8ms | ActiveRecord: 12.5ms)


Started GET "/email/3" for 127.0.0.1 at 2019-02-28 23:59:44 +0100
Processing by EmailController#show as JS
  Parameters: {"id"=>"3"}
  [1m[36mEmail Load (1.0ms)[0m  [1m[34mSELECT  "emails".* FROM "emails" WHERE "emails"."id" = $1 LIMIT $2[0m  [["id", 3], ["LIMIT", 1]]
  ↳ app/controllers/email_controller.rb:9
  Rendering email/show.js.erb
  [1m[35m (0.7ms)[0m  [1m[35mBEGIN[0m
  ↳ app/views/email/show.js.erb:3
  [1m[35m (0.7ms)[0m  [1m[35mCOMMIT[0m
  ↳ app/views/email/show.js.erb:3
  Rendered email/_email.html.erb (1.6ms)
  Rendered email/show.js.erb (9.6ms)
Completed 200 OK in 37ms (Views: 16.1ms | ActiveRecord: 2.9ms)


Started GET "/email/10" for 127.0.0.1 at 2019-02-28 23:59:45 +0100
Processing by EmailController#show as JS
  Parameters: {"id"=>"10"}
  [1m[36mEmail Load (0.8ms)[0m  [1m[34mSELECT  "emails".* FROM "emails" WHERE "emails"."id" = $1 LIMIT $2[0m  [["id", 10], ["LIMIT", 1]]
  ↳ app/controllers/email_controller.rb:9
  Rendering email/show.js.erb
  [1m[35m (0.4ms)[0m  [1m[35mBEGIN[0m
  ↳ app/views/email/show.js.erb:3
  [1m[35m (0.6ms)[0m  [1m[35mCOMMIT[0m
  ↳ app/views/email/show.js.erb:3
  Rendered email/_email.html.erb (3.4ms)
  Rendered email/show.js.erb (9.8ms)
Completed 200 OK in 26ms (Views: 16.2ms | ActiveRecord: 1.8ms)


Started DELETE "/email/10" for 127.0.0.1 at 2019-02-28 23:59:46 +0100
Processing by EmailController#destroy as JS
  Parameters: {"id"=>"10"}
  [1m[36mEmail Load (1.0ms)[0m  [1m[34mSELECT  "emails".* FROM "emails" WHERE "emails"."id" = $1 LIMIT $2[0m  [["id", 10], ["LIMIT", 1]]
  ↳ app/controllers/email_controller.rb:21
  [1m[35m (0.6ms)[0m  [1m[35mBEGIN[0m
  ↳ app/controllers/email_controller.rb:22
  [1m[36mEmail Destroy (1.1ms)[0m  [1m[31mDELETE FROM "emails" WHERE "emails"."id" = $1[0m  [["id", 10]]
  ↳ app/controllers/email_controller.rb:22
  [1m[35m (24.4ms)[0m  [1m[35mCOMMIT[0m
  ↳ app/controllers/email_controller.rb:22
  Rendering email/destroy.js.erb
  [1m[36mEmail Load (1.0ms)[0m  [1m[34mSELECT "emails".* FROM "emails"[0m
  ↳ app/views/email/_del.html.erb:2
  Rendered email/_del.html.erb (8.6ms)
  Rendered email/destroy.js.erb (33.3ms)
Completed 200 OK in 82ms (Views: 43.5ms | ActiveRecord: 28.0ms)


  [1m[35m (0.5ms)[0m  [1m[35mCREATE DATABASE "todolist-app_development" ENCODING = 'unicode'[0m
  ↳ bin/rails:9
  [1m[35m (0.6ms)[0m  [1m[35mCREATE DATABASE "todolist-app_test" ENCODING = 'unicode'[0m
  ↳ bin/rails:9
  [1m[35m (243.1ms)[0m  [1m[35mCREATE DATABASE "todolist-app_development100" ENCODING = 'unicode'[0m
  ↳ bin/rails:9
  [1m[35m (239.9ms)[0m  [1m[35mCREATE DATABASE "todolist-app_test100" ENCODING = 'unicode'[0m
  ↳ bin/rails:9
  [1m[35m (87.0ms)[0m  [1m[35mCREATE TABLE "schema_migrations" ("version" character varying NOT NULL PRIMARY KEY)[0m
  ↳ bin/rails:9
  [1m[35m (4.4ms)[0m  [1m[35mCREATE TABLE "ar_internal_metadata" ("key" character varying NOT NULL PRIMARY KEY, "value" character varying, "created_at" timestamp NOT NULL, "updated_at" timestamp NOT NULL)[0m
  ↳ bin/rails:9
  [1m[35m (0.4ms)[0m  [1m[34mSELECT pg_try_advisory_lock(2859663438432511620)[0m
  ↳ bin/rails:9
  [1m[35m (0.9ms)[0m  [1m[34mSELECT "schema_migrations"."version" FROM "schema_migrations" ORDER BY "schema_migrations"."version" ASC[0m
  ↳ bin/rails:9
Migrating to DeviseCreateUsers (20181115104424)
  [1m[35m (0.2ms)[0m  [1m[35mBEGIN[0m
  ↳ bin/rails:9
  [1m[35m (5.7ms)[0m  [1m[35mCREATE TABLE "users" ("id" bigserial primary key, "email" character varying DEFAULT '' NOT NULL, "encrypted_password" character varying DEFAULT '' NOT NULL, "reset_password_token" character varying, "reset_password_sent_at" timestamp, "remember_created_at" timestamp, "created_at" timestamp NOT NULL, "updated_at" timestamp NOT NULL)[0m
  ↳ db/migrate/20181115104424_devise_create_users.rb:5
  [1m[35m (0.9ms)[0m  [1m[35mCREATE UNIQUE INDEX  "index_users_on_email" ON "users"  ("email")[0m
  ↳ db/migrate/20181115104424_devise_create_users.rb:39
  [1m[35m (1.4ms)[0m  [1m[35mCREATE UNIQUE INDEX  "index_users_on_reset_password_token" ON "users"  ("reset_password_token")[0m
  ↳ db/migrate/20181115104424_devise_create_users.rb:40
  [1m[36mActiveRecord::SchemaMigration Create (0.7ms)[0m  [1m[32mINSERT INTO "schema_migrations" ("version") VALUES ($1) RETURNING "version"[0m  [["version", "20181115104424"]]
  ↳ bin/rails:9
  [1m[35m (0.6ms)[0m  [1m[35mCOMMIT[0m
  ↳ bin/rails:9
Migrating to CreateCategories (20181115131426)
  [1m[35m (0.2ms)[0m  [1m[35mBEGIN[0m
  ↳ bin/rails:9
  [1m[35m (4.4ms)[0m  [1m[35mCREATE TABLE "categories" ("id" bigserial primary key, "title" character varying, "created_at" timestamp NOT NULL, "updated_at" timestamp NOT NULL)[0m
  ↳ db/migrate/20181115131426_create_categories.rb:3
  [1m[36mActiveRecord::SchemaMigration Create (0.4ms)[0m  [1m[32mINSERT INTO "schema_migrations" ("version") VALUES ($1) RETURNING "version"[0m  [["version", "20181115131426"]]
  ↳ bin/rails:9
  [1m[35m (0.5ms)[0m  [1m[35mCOMMIT[0m
  ↳ bin/rails:9
Migrating to CreateTasks (20181116110123)
  [1m[35m (0.3ms)[0m  [1m[35mBEGIN[0m
  ↳ bin/rails:9
  [1m[35m (4.5ms)[0m  [1m[35mCREATE TABLE "tasks" ("id" bigserial primary key, "created_at" timestamp NOT NULL, "updated_at" timestamp NOT NULL, "title" character varying, "status" boolean DEFAULT FALSE, "deadline" timestamp, "category_id" bigint)[0m
  ↳ db/migrate/20181116110123_create_tasks.rb:3
  [1m[35m (0.8ms)[0m  [1m[35mCREATE  INDEX  "index_tasks_on_category_id" ON "tasks"  ("category_id")[0m
  ↳ db/migrate/20181116110123_create_tasks.rb:3
  [1m[36mActiveRecord::SchemaMigration Create (0.4ms)[0m  [1m[32mINSERT INTO "schema_migrations" ("version") VALUES ($1) RETURNING "version"[0m  [["version", "20181116110123"]]
  ↳ bin/rails:9
  [1m[35m (0.7ms)[0m  [1m[35mCOMMIT[0m
  ↳ bin/rails:9
Migrating to AddImagetoTask (20181116110124)
  [1m[35m (0.3ms)[0m  [1m[35mBEGIN[0m
  ↳ bin/rails:9
  [1m[35m (0.5ms)[0m  [1m[35mALTER TABLE "tasks" ADD "image" character varying[0m
  ↳ db/migrate/20181116110124_add_imageto_task.rb:3
  [1m[36mActiveRecord::SchemaMigration Create (0.4ms)[0m  [1m[32mINSERT INTO "schema_migrations" ("version") VALUES ($1) RETURNING "version"[0m  [["version", "20181116110124"]]
  ↳ bin/rails:9
  [1m[35m (0.5ms)[0m  [1m[35mCOMMIT[0m
  ↳ bin/rails:9
Migrating to CreateEmails (20190228142818)
  [1m[35m (0.2ms)[0m  [1m[35mBEGIN[0m
  ↳ bin/rails:9
  [1m[35m (4.6ms)[0m  [1m[35mCREATE TABLE "emails" ("id" bigserial primary key, "object" character varying, "body" text, "created_at" timestamp NOT NULL, "updated_at" timestamp NOT NULL)[0m
  ↳ db/migrate/20190228142818_create_emails.rb:3
  [1m[36mActiveRecord::SchemaMigration Create (0.5ms)[0m  [1m[32mINSERT INTO "schema_migrations" ("version") VALUES ($1) RETURNING "version"[0m  [["version", "20190228142818"]]
  ↳ bin/rails:9
  [1m[35m (0.6ms)[0m  [1m[35mCOMMIT[0m
  ↳ bin/rails:9
  [1m[36mActiveRecord::InternalMetadata Load (0.6ms)[0m  [1m[34mSELECT  "ar_internal_metadata".* FROM "ar_internal_metadata" WHERE "ar_internal_metadata"."key" = $1 LIMIT $2[0m  [["key", "environment"], ["LIMIT", 1]]
  ↳ bin/rails:9
  [1m[35m (0.3ms)[0m  [1m[35mBEGIN[0m
  ↳ bin/rails:9
  [1m[36mActiveRecord::InternalMetadata Create (0.6ms)[0m  [1m[32mINSERT INTO "ar_internal_metadata" ("key", "value", "created_at", "updated_at") VALUES ($1, $2, $3, $4) RETURNING "key"[0m  [["key", "environment"], ["value", "development"], ["created_at", "2019-03-01 01:45:32.228543"], ["updated_at", "2019-03-01 01:45:32.228543"]]
  ↳ bin/rails:9
  [1m[35m (0.4ms)[0m  [1m[35mCOMMIT[0m
  ↳ bin/rails:9
  [1m[35m (0.4ms)[0m  [1m[34mSELECT pg_advisory_unlock(2859663438432511620)[0m
  ↳ bin/rails:9
  [1m[35m (0.5ms)[0m  [1m[34mSELECT "schema_migrations"."version" FROM "schema_migrations" ORDER BY "schema_migrations"."version" ASC[0m
  ↳ bin/rails:9
Started GET "/" for 127.0.0.1 at 2019-03-01 02:45:46 +0100
  [1m[35m (1.0ms)[0m  [1m[34mSELECT "schema_migrations"."version" FROM "schema_migrations" ORDER BY "schema_migrations"."version" ASC[0m
  ↳ /home/linuxlite/.rbenv/versions/2.5.1/lib/ruby/gems/2.5.0/gems/activerecord-5.2.2/lib/active_record/log_subscriber.rb:98
Processing by EmailController#index as HTML
  Rendering email/index.html.erb within layouts/application
  [1m[36mEmail Load (0.9ms)[0m  [1m[34mSELECT "emails".* FROM "emails"[0m
  ↳ app/views/email/index.html.erb:6
  Rendered email/index.html.erb within layouts/application (5.6ms)
Completed 200 OK in 413ms (Views: 394.1ms | ActiveRecord: 3.1ms)


  [1m[35m (1.2ms)[0m  [1m[34mSELECT "schema_migrations"."version" FROM "schema_migrations" ORDER BY "schema_migrations"."version" ASC[0m
  ↳ bin/rails:9
  [1m[35m (0.2ms)[0m  [1m[35mBEGIN[0m
  ↳ db/seeds.rb:23
  [1m[36mEmail Create (0.7ms)[0m  [1m[32mINSERT INTO "emails" ("object", "body", "created_at", "updated_at") VALUES ($1, $2, $3, $4) RETURNING "id"[0m  [["object", "faustino@bahringer.co"], ["body", "Chuck Norris' preferred IDE is hexedit."], ["created_at", "2019-03-01 01:45:59.197056"], ["updated_at", "2019-03-01 01:45:59.197056"]]
  ↳ db/seeds.rb:23
  [1m[35m (1.5ms)[0m  [1m[35mCOMMIT[0m
  ↳ db/seeds.rb:23
  [1m[35m (0.2ms)[0m  [1m[35mBEGIN[0m
  ↳ db/seeds.rb:23
  [1m[36mEmail Create (0.4ms)[0m  [1m[32mINSERT INTO "emails" ("object", "body", "created_at", "updated_at") VALUES ($1, $2, $3, $4) RETURNING "id"[0m  [["object", "felton@lesch.com"], ["body", "\"It works on my machine\" always holds true for Chuck Norris."], ["created_at", "2019-03-01 01:45:59.201899"], ["updated_at", "2019-03-01 01:45:59.201899"]]
  ↳ db/seeds.rb:23
  [1m[35m (0.6ms)[0m  [1m[35mCOMMIT[0m
  ↳ db/seeds.rb:23
  [1m[35m (0.2ms)[0m  [1m[35mBEGIN[0m
  ↳ db/seeds.rb:23
  [1m[36mEmail Create (0.4ms)[0m  [1m[32mINSERT INTO "emails" ("object", "body", "created_at", "updated_at") VALUES ($1, $2, $3, $4) RETURNING "id"[0m  [["object", "taylor@hudsonweber.net"], ["body", "Chuck Norris doesn't need the cloud to scale his applications, he uses his laptop."], ["created_at", "2019-03-01 01:45:59.204990"], ["updated_at", "2019-03-01 01:45:59.204990"]]
  ↳ db/seeds.rb:23
  [1m[35m (0.5ms)[0m  [1m[35mCOMMIT[0m
  ↳ db/seeds.rb:23
  [1m[35m (0.3ms)[0m  [1m[35mBEGIN[0m
  ↳ db/seeds.rb:23
  [1m[36mEmail Create (0.5ms)[0m  [1m[32mINSERT INTO "emails" ("object", "body", "created_at", "updated_at") VALUES ($1, $2, $3, $4) RETURNING "id"[0m  [["object", "teddy@oconner.co"], ["body", "Chuck Norris doesn't need a java compiler, he goes straight to .war"], ["created_at", "2019-03-01 01:45:59.207821"], ["updated_at", "2019-03-01 01:45:59.207821"]]
  ↳ db/seeds.rb:23
  [1m[35m (0.6ms)[0m  [1m[35mCOMMIT[0m
  ↳ db/seeds.rb:23
  [1m[35m (0.2ms)[0m  [1m[35mBEGIN[0m
  ↳ db/seeds.rb:23
  [1m[36mEmail Create (0.5ms)[0m  [1m[32mINSERT INTO "emails" ("object", "body", "created_at", "updated_at") VALUES ($1, $2, $3, $4) RETURNING "id"[0m  [["object", "marlenaraynor@halvorson.org"], ["body", "Chuck Norris's keyboard doesn't have a Ctrl key because nothing controls Chuck Norris."], ["created_at", "2019-03-01 01:45:59.210818"], ["updated_at", "2019-03-01 01:45:59.210818"]]
  ↳ db/seeds.rb:23
  [1m[35m (0.3ms)[0m  [1m[35mCOMMIT[0m
  ↳ db/seeds.rb:23
  [1m[35m (0.1ms)[0m  [1m[35mBEGIN[0m
  ↳ db/seeds.rb:23
  [1m[36mEmail Create (0.3ms)[0m  [1m[32mINSERT INTO "emails" ("object", "body", "created_at", "updated_at") VALUES ($1, $2, $3, $4) RETURNING "id"[0m  [["object", "annika@brakusmacgyver.io"], ["body", "Chuck Norris doesn't pair program."], ["created_at", "2019-03-01 01:45:59.213280"], ["updated_at", "2019-03-01 01:45:59.213280"]]
  ↳ db/seeds.rb:23
  [1m[35m (0.4ms)[0m  [1m[35mCOMMIT[0m
  ↳ db/seeds.rb:23
  [1m[35m (0.1ms)[0m  [1m[35mBEGIN[0m
  ↳ db/seeds.rb:23
  [1m[36mEmail Create (0.2ms)[0m  [1m[32mINSERT INTO "emails" ("object", "body", "created_at", "updated_at") VALUES ($1, $2, $3, $4) RETURNING "id"[0m  [["object", "grantsporer@colebraun.co"], ["body", "Chuck Norris can access private methods."], ["created_at", "2019-03-01 01:45:59.215485"], ["updated_at", "2019-03-01 01:45:59.215485"]]
  ↳ db/seeds.rb:23
  [1m[35m (0.3ms)[0m  [1m[35mCOMMIT[0m
  ↳ db/seeds.rb:23
  [1m[35m (0.1ms)[0m  [1m[35mBEGIN[0m
  ↳ db/seeds.rb:23
  [1m[36mEmail Create (0.2ms)[0m  [1m[32mINSERT INTO "emails" ("object", "body", "created_at", "updated_at") VALUES ($1, $2, $3, $4) RETURNING "id"[0m  [["object", "napoleonupton@hintzdamore.biz"], ["body", "Chuck Norris can access the DB from the UI."], ["created_at", "2019-03-01 01:45:59.217626"], ["updated_at", "2019-03-01 01:45:59.217626"]]
  ↳ db/seeds.rb:23
  [1m[35m (0.3ms)[0m  [1m[35mCOMMIT[0m
  ↳ db/seeds.rb:23
  [1m[35m (0.1ms)[0m  [1m[35mBEGIN[0m
  ↳ db/seeds.rb:23
  [1m[36mEmail Create (0.2ms)[0m  [1m[32mINSERT INTO "emails" ("object", "body", "created_at", "updated_at") VALUES ($1, $2, $3, $4) RETURNING "id"[0m  [["object", "delmerlittle@gleason.info"], ["body", "Chuck Norris can access the DB from the UI."], ["created_at", "2019-03-01 01:45:59.219709"], ["updated_at", "2019-03-01 01:45:59.219709"]]
  ↳ db/seeds.rb:23
  [1m[35m (0.2ms)[0m  [1m[35mCOMMIT[0m
  ↳ db/seeds.rb:23
  [1m[35m (0.1ms)[0m  [1m[35mBEGIN[0m
  ↳ db/seeds.rb:23
  [1m[36mEmail Create (0.2ms)[0m  [1m[32mINSERT INTO "emails" ("object", "body", "created_at", "updated_at") VALUES ($1, $2, $3, $4) RETURNING "id"[0m  [["object", "monte@grimes.biz"], ["body", "Chuck Norris can write multi-threaded applications with a single thread."], ["created_at", "2019-03-01 01:45:59.221668"], ["updated_at", "2019-03-01 01:45:59.221668"]]
  ↳ db/seeds.rb:23
  [1m[35m (0.4ms)[0m  [1m[35mCOMMIT[0m
  ↳ db/seeds.rb:23
Started GET "/" for 127.0.0.1 at 2019-03-01 02:46:03 +0100
  [1m[35m (0.8ms)[0m  [1m[34mSELECT "schema_migrations"."version" FROM "schema_migrations" ORDER BY "schema_migrations"."version" ASC[0m
  ↳ /home/linuxlite/.rbenv/versions/2.5.1/lib/ruby/gems/2.5.0/gems/activerecord-5.2.2/lib/active_record/log_subscriber.rb:98
Processing by EmailController#index as HTML
  Rendering email/index.html.erb within layouts/application
  [1m[36mEmail Load (0.7ms)[0m  [1m[34mSELECT "emails".* FROM "emails"[0m
  ↳ app/views/email/index.html.erb:6
  Rendered email/index.html.erb within layouts/application (15.9ms)
Completed 200 OK in 241ms (Views: 224.1ms | ActiveRecord: 7.3ms)


Started GET "/" for 127.0.0.1 at 2019-03-01 02:46:06 +0100
Processing by EmailController#index as HTML
  Rendering email/index.html.erb within layouts/application
  [1m[36mEmail Load (0.4ms)[0m  [1m[34mSELECT "emails".* FROM "emails"[0m
  ↳ app/views/email/index.html.erb:6
  Rendered email/index.html.erb within layouts/application (3.1ms)
Completed 200 OK in 23ms (Views: 20.8ms | ActiveRecord: 0.4ms)


Started GET "/email/1" for 127.0.0.1 at 2019-03-01 02:46:07 +0100
Processing by EmailController#show as JS
  Parameters: {"id"=>"1"}
  [1m[36mEmail Load (0.5ms)[0m  [1m[34mSELECT  "emails".* FROM "emails" WHERE "emails"."id" = $1 LIMIT $2[0m  [["id", 1], ["LIMIT", 1]]
  ↳ app/controllers/email_controller.rb:9
  Rendering email/show.js.erb
  [1m[35m (0.3ms)[0m  [1m[35mBEGIN[0m
  ↳ app/views/email/show.js.erb:3
  [1m[35m (0.4ms)[0m  [1m[35mCOMMIT[0m
  ↳ app/views/email/show.js.erb:3
  Rendered email/_email.html.erb (0.6ms)
  Rendered email/show.js.erb (4.7ms)
Completed 200 OK in 17ms (Views: 9.1ms | ActiveRecord: 1.5ms)


Started GET "/email/2" for 127.0.0.1 at 2019-03-01 02:46:09 +0100
Processing by EmailController#show as JS
  Parameters: {"id"=>"2"}
  [1m[36mEmail Load (0.6ms)[0m  [1m[34mSELECT  "emails".* FROM "emails" WHERE "emails"."id" = $1 LIMIT $2[0m  [["id", 2], ["LIMIT", 1]]
  ↳ app/controllers/email_controller.rb:9
  Rendering email/show.js.erb
  [1m[35m (0.2ms)[0m  [1m[35mBEGIN[0m
  ↳ app/views/email/show.js.erb:3
  [1m[35m (0.3ms)[0m  [1m[35mCOMMIT[0m
  ↳ app/views/email/show.js.erb:3
  Rendered email/_email.html.erb (0.7ms)
  Rendered email/show.js.erb (3.9ms)
Completed 200 OK in 10ms (Views: 6.2ms | ActiveRecord: 1.1ms)


Started GET "/email/3" for 127.0.0.1 at 2019-03-01 02:46:09 +0100
Processing by EmailController#show as JS
  Parameters: {"id"=>"3"}
  [1m[36mEmail Load (0.5ms)[0m  [1m[34mSELECT  "emails".* FROM "emails" WHERE "emails"."id" = $1 LIMIT $2[0m  [["id", 3], ["LIMIT", 1]]
  ↳ app/controllers/email_controller.rb:9
  Rendering email/show.js.erb
  [1m[35m (0.2ms)[0m  [1m[35mBEGIN[0m
  ↳ app/views/email/show.js.erb:3
  [1m[35m (0.1ms)[0m  [1m[35mCOMMIT[0m
  ↳ app/views/email/show.js.erb:3
  Rendered email/_email.html.erb (0.5ms)
  Rendered email/show.js.erb (2.8ms)
Completed 200 OK in 7ms (Views: 4.7ms | ActiveRecord: 0.9ms)


Started GET "/email/3" for 127.0.0.1 at 2019-03-01 02:46:10 +0100
Processing by EmailController#show as JS
  Parameters: {"id"=>"3"}
  [1m[36mEmail Load (0.4ms)[0m  [1m[34mSELECT  "emails".* FROM "emails" WHERE "emails"."id" = $1 LIMIT $2[0m  [["id", 3], ["LIMIT", 1]]
  ↳ app/controllers/email_controller.rb:9
  Rendering email/show.js.erb
  [1m[35m (0.2ms)[0m  [1m[35mBEGIN[0m
  ↳ app/views/email/show.js.erb:3
  [1m[35m (0.2ms)[0m  [1m[35mCOMMIT[0m
  ↳ app/views/email/show.js.erb:3
  Rendered email/_email.html.erb (0.6ms)
  Rendered email/show.js.erb (3.2ms)
Completed 200 OK in 9ms (Views: 5.2ms | ActiveRecord: 0.8ms)


Started GET "/email/4" for 127.0.0.1 at 2019-03-01 02:46:11 +0100
Processing by EmailController#show as JS
  Parameters: {"id"=>"4"}
  [1m[36mEmail Load (0.5ms)[0m  [1m[34mSELECT  "emails".* FROM "emails" WHERE "emails"."id" = $1 LIMIT $2[0m  [["id", 4], ["LIMIT", 1]]
  ↳ app/controllers/email_controller.rb:9
  Rendering email/show.js.erb
  [1m[35m (0.3ms)[0m  [1m[35mBEGIN[0m
  ↳ app/views/email/show.js.erb:3
  [1m[35m (0.3ms)[0m  [1m[35mCOMMIT[0m
  ↳ app/views/email/show.js.erb:3
  Rendered email/_email.html.erb (0.5ms)
  Rendered email/show.js.erb (3.6ms)
Completed 200 OK in 11ms (Views: 7.1ms | ActiveRecord: 1.1ms)


Started GET "/email/5" for 127.0.0.1 at 2019-03-01 02:46:11 +0100
Processing by EmailController#show as JS
  Parameters: {"id"=>"5"}
  [1m[36mEmail Load (0.3ms)[0m  [1m[34mSELECT  "emails".* FROM "emails" WHERE "emails"."id" = $1 LIMIT $2[0m  [["id", 5], ["LIMIT", 1]]
  ↳ app/controllers/email_controller.rb:9
  Rendering email/show.js.erb
  [1m[35m (0.2ms)[0m  [1m[35mBEGIN[0m
  ↳ app/views/email/show.js.erb:3
  [1m[35m (0.3ms)[0m  [1m[35mCOMMIT[0m
  ↳ app/views/email/show.js.erb:3
  Rendered email/_email.html.erb (0.6ms)
  Rendered email/show.js.erb (4.3ms)
Completed 200 OK in 11ms (Views: 7.8ms | ActiveRecord: 0.8ms)


Started GET "/email/6" for 127.0.0.1 at 2019-03-01 02:46:12 +0100
Processing by EmailController#show as JS
  Parameters: {"id"=>"6"}
  [1m[36mEmail Load (0.4ms)[0m  [1m[34mSELECT  "emails".* FROM "emails" WHERE "emails"."id" = $1 LIMIT $2[0m  [["id", 6], ["LIMIT", 1]]
  ↳ app/controllers/email_controller.rb:9
  Rendering email/show.js.erb
  [1m[35m (0.2ms)[0m  [1m[35mBEGIN[0m
  ↳ app/views/email/show.js.erb:3
  [1m[35m (0.2ms)[0m  [1m[35mCOMMIT[0m
  ↳ app/views/email/show.js.erb:3
  Rendered email/_email.html.erb (0.6ms)
  Rendered email/show.js.erb (3.5ms)
Completed 200 OK in 11ms (Views: 6.4ms | ActiveRecord: 0.8ms)


Started GET "/email/8" for 127.0.0.1 at 2019-03-01 02:46:12 +0100
Processing by EmailController#show as JS
  Parameters: {"id"=>"8"}
  [1m[36mEmail Load (0.5ms)[0m  [1m[34mSELECT  "emails".* FROM "emails" WHERE "emails"."id" = $1 LIMIT $2[0m  [["id", 8], ["LIMIT", 1]]
  ↳ app/controllers/email_controller.rb:9
  Rendering email/show.js.erb
  [1m[35m (0.3ms)[0m  [1m[35mBEGIN[0m
  ↳ app/views/email/show.js.erb:3
  [1m[35m (0.3ms)[0m  [1m[35mCOMMIT[0m
  ↳ app/views/email/show.js.erb:3
  Rendered email/_email.html.erb (0.6ms)
  Rendered email/show.js.erb (3.3ms)
Completed 200 OK in 8ms (Views: 5.3ms | ActiveRecord: 1.1ms)


Started GET "/email/9" for 127.0.0.1 at 2019-03-01 02:46:13 +0100
Processing by EmailController#show as JS
  Parameters: {"id"=>"9"}
  [1m[36mEmail Load (0.6ms)[0m  [1m[34mSELECT  "emails".* FROM "emails" WHERE "emails"."id" = $1 LIMIT $2[0m  [["id", 9], ["LIMIT", 1]]
  ↳ app/controllers/email_controller.rb:9
  Rendering email/show.js.erb
  [1m[35m (0.3ms)[0m  [1m[35mBEGIN[0m
  ↳ app/views/email/show.js.erb:3
  [1m[35m (0.2ms)[0m  [1m[35mCOMMIT[0m
  ↳ app/views/email/show.js.erb:3
  Rendered email/_email.html.erb (0.7ms)
  Rendered email/show.js.erb (3.6ms)
Completed 200 OK in 10ms (Views: 6.2ms | ActiveRecord: 1.1ms)


Started GET "/email/10" for 127.0.0.1 at 2019-03-01 02:46:13 +0100
Processing by EmailController#show as JS
  Parameters: {"id"=>"10"}
  [1m[36mEmail Load (0.4ms)[0m  [1m[34mSELECT  "emails".* FROM "emails" WHERE "emails"."id" = $1 LIMIT $2[0m  [["id", 10], ["LIMIT", 1]]
  ↳ app/controllers/email_controller.rb:9
  Rendering email/show.js.erb
  [1m[35m (0.2ms)[0m  [1m[35mBEGIN[0m
  ↳ app/views/email/show.js.erb:3
  [1m[35m (0.1ms)[0m  [1m[35mCOMMIT[0m
  ↳ app/views/email/show.js.erb:3
  Rendered email/_email.html.erb (0.6ms)
  Rendered email/show.js.erb (3.3ms)
Completed 200 OK in 11ms (Views: 7.0ms | ActiveRecord: 0.8ms)


Started GET "/email/8" for 127.0.0.1 at 2019-03-01 02:46:15 +0100
Processing by EmailController#show as JS
  Parameters: {"id"=>"8"}
  [1m[36mEmail Load (0.3ms)[0m  [1m[34mSELECT  "emails".* FROM "emails" WHERE "emails"."id" = $1 LIMIT $2[0m  [["id", 8], ["LIMIT", 1]]
  ↳ app/controllers/email_controller.rb:9
  Rendering email/show.js.erb
  [1m[35m (0.2ms)[0m  [1m[35mBEGIN[0m
  ↳ app/views/email/show.js.erb:3
  [1m[35m (0.1ms)[0m  [1m[35mCOMMIT[0m
  ↳ app/views/email/show.js.erb:3
  Rendered email/_email.html.erb (0.6ms)
  Rendered email/show.js.erb (3.1ms)
Completed 200 OK in 10ms (Views: 6.2ms | ActiveRecord: 0.6ms)


Started GET "/email/7" for 127.0.0.1 at 2019-03-01 02:46:16 +0100
Processing by EmailController#show as JS
  Parameters: {"id"=>"7"}
  [1m[36mEmail Load (0.5ms)[0m  [1m[34mSELECT  "emails".* FROM "emails" WHERE "emails"."id" = $1 LIMIT $2[0m  [["id", 7], ["LIMIT", 1]]
  ↳ app/controllers/email_controller.rb:9
  Rendering email/show.js.erb
  [1m[35m (0.4ms)[0m  [1m[35mBEGIN[0m
  ↳ app/views/email/show.js.erb:3
  [1m[35m (0.2ms)[0m  [1m[35mCOMMIT[0m
  ↳ app/views/email/show.js.erb:3
  Rendered email/_email.html.erb (0.5ms)
  Rendered email/show.js.erb (3.1ms)
Completed 200 OK in 8ms (Views: 5.2ms | ActiveRecord: 1.1ms)


Started GET "/email/6" for 127.0.0.1 at 2019-03-01 02:46:17 +0100
Processing by EmailController#show as JS
  Parameters: {"id"=>"6"}
  [1m[36mEmail Load (0.5ms)[0m  [1m[34mSELECT  "emails".* FROM "emails" WHERE "emails"."id" = $1 LIMIT $2[0m  [["id", 6], ["LIMIT", 1]]
  ↳ app/controllers/email_controller.rb:9
  Rendering email/show.js.erb
  [1m[35m (0.2ms)[0m  [1m[35mBEGIN[0m
  ↳ app/views/email/show.js.erb:3
  [1m[35m (0.2ms)[0m  [1m[35mCOMMIT[0m
  ↳ app/views/email/show.js.erb:3
  Rendered email/_email.html.erb (0.6ms)
  Rendered email/show.js.erb (3.5ms)
Completed 200 OK in 12ms (Views: 7.7ms | ActiveRecord: 0.9ms)


Started GET "/email/5" for 127.0.0.1 at 2019-03-01 02:46:17 +0100
Processing by EmailController#show as JS
  Parameters: {"id"=>"5"}
  [1m[36mEmail Load (0.4ms)[0m  [1m[34mSELECT  "emails".* FROM "emails" WHERE "emails"."id" = $1 LIMIT $2[0m  [["id", 5], ["LIMIT", 1]]
  ↳ app/controllers/email_controller.rb:9
  Rendering email/show.js.erb
  [1m[35m (0.3ms)[0m  [1m[35mBEGIN[0m
  ↳ app/views/email/show.js.erb:3
  [1m[35m (0.2ms)[0m  [1m[35mCOMMIT[0m
  ↳ app/views/email/show.js.erb:3
  Rendered email/_email.html.erb (0.5ms)
  Rendered email/show.js.erb (3.0ms)
Completed 200 OK in 8ms (Views: 4.9ms | ActiveRecord: 0.9ms)


Started GET "/email/4" for 127.0.0.1 at 2019-03-01 02:46:18 +0100
Processing by EmailController#show as JS
  Parameters: {"id"=>"4"}
  [1m[36mEmail Load (0.5ms)[0m  [1m[34mSELECT  "emails".* FROM "emails" WHERE "emails"."id" = $1 LIMIT $2[0m  [["id", 4], ["LIMIT", 1]]
  ↳ app/controllers/email_controller.rb:9
  Rendering email/show.js.erb
  [1m[35m (0.3ms)[0m  [1m[35mBEGIN[0m
  ↳ app/views/email/show.js.erb:3
  [1m[35m (0.3ms)[0m  [1m[35mCOMMIT[0m
  ↳ app/views/email/show.js.erb:3
  Rendered email/_email.html.erb (0.6ms)
  Rendered email/show.js.erb (4.0ms)
Completed 200 OK in 13ms (Views: 8.2ms | ActiveRecord: 1.2ms)


Started DELETE "/email/4" for 127.0.0.1 at 2019-03-01 02:46:18 +0100
Processing by EmailController#destroy as JS
  Parameters: {"id"=>"4"}
  [1m[36mEmail Load (0.6ms)[0m  [1m[34mSELECT  "emails".* FROM "emails" WHERE "emails"."id" = $1 LIMIT $2[0m  [["id", 4], ["LIMIT", 1]]
  ↳ app/controllers/email_controller.rb:21
  [1m[35m (0.2ms)[0m  [1m[35mBEGIN[0m
  ↳ app/controllers/email_controller.rb:22
  [1m[36mEmail Destroy (0.5ms)[0m  [1m[31mDELETE FROM "emails" WHERE "emails"."id" = $1[0m  [["id", 4]]
  ↳ app/controllers/email_controller.rb:22
  [1m[35m (5.8ms)[0m  [1m[35mCOMMIT[0m
  ↳ app/controllers/email_controller.rb:22
  Rendering email/destroy.js.erb
  [1m[36mEmail Load (0.6ms)[0m  [1m[34mSELECT "emails".* FROM "emails"[0m
  ↳ app/views/email/_del.html.erb:2
  Rendered email/_del.html.erb (2.7ms)
  Rendered email/destroy.js.erb (3.9ms)
Completed 200 OK in 18ms (Views: 5.7ms | ActiveRecord: 7.7ms)


Started GET "/email/3" for 127.0.0.1 at 2019-03-01 02:46:19 +0100
Processing by EmailController#show as JS
  Parameters: {"id"=>"3"}
  [1m[36mEmail Load (0.4ms)[0m  [1m[34mSELECT  "emails".* FROM "emails" WHERE "emails"."id" = $1 LIMIT $2[0m  [["id", 3], ["LIMIT", 1]]
  ↳ app/controllers/email_controller.rb:9
  Rendering email/show.js.erb
  [1m[35m (0.2ms)[0m  [1m[35mBEGIN[0m
  ↳ app/views/email/show.js.erb:3
  [1m[35m (0.2ms)[0m  [1m[35mCOMMIT[0m
  ↳ app/views/email/show.js.erb:3
  Rendered email/_email.html.erb (1.5ms)
  Rendered email/show.js.erb (5.6ms)
Completed 200 OK in 13ms (Views: 9.3ms | ActiveRecord: 0.9ms)


Started GET "/email/3" for 127.0.0.1 at 2019-03-01 02:46:21 +0100
Processing by EmailController#show as JS
  Parameters: {"id"=>"3"}
  [1m[36mEmail Load (0.3ms)[0m  [1m[34mSELECT  "emails".* FROM "emails" WHERE "emails"."id" = $1 LIMIT $2[0m  [["id", 3], ["LIMIT", 1]]
  ↳ app/controllers/email_controller.rb:9
  Rendering email/show.js.erb
  [1m[35m (0.3ms)[0m  [1m[35mBEGIN[0m
  ↳ app/views/email/show.js.erb:3
  [1m[35m (0.2ms)[0m  [1m[35mCOMMIT[0m
  ↳ app/views/email/show.js.erb:3
  Rendered email/_email.html.erb (0.5ms)
  Rendered email/show.js.erb (4.1ms)
Completed 200 OK in 11ms (Views: 6.7ms | ActiveRecord: 0.8ms)


Started GET "/email/5" for 127.0.0.1 at 2019-03-01 02:46:21 +0100
Processing by EmailController#show as JS
  Parameters: {"id"=>"5"}
  [1m[36mEmail Load (0.4ms)[0m  [1m[34mSELECT  "emails".* FROM "emails" WHERE "emails"."id" = $1 LIMIT $2[0m  [["id", 5], ["LIMIT", 1]]
  ↳ app/controllers/email_controller.rb:9
  Rendering email/show.js.erb
  [1m[35m (0.2ms)[0m  [1m[35mBEGIN[0m
  ↳ app/views/email/show.js.erb:3
  [1m[35m (0.1ms)[0m  [1m[35mCOMMIT[0m
  ↳ app/views/email/show.js.erb:3
  Rendered email/_email.html.erb (0.9ms)
  Rendered email/show.js.erb (3.7ms)
Completed 200 OK in 13ms (Views: 9.1ms | ActiveRecord: 0.7ms)


Started GET "/email/5" for 127.0.0.1 at 2019-03-01 02:46:22 +0100
Processing by EmailController#show as JS
  Parameters: {"id"=>"5"}
  [1m[36mEmail Load (0.5ms)[0m  [1m[34mSELECT  "emails".* FROM "emails" WHERE "emails"."id" = $1 LIMIT $2[0m  [["id", 5], ["LIMIT", 1]]
  ↳ app/controllers/email_controller.rb:9
  Rendering email/show.js.erb
  [1m[35m (0.3ms)[0m  [1m[35mBEGIN[0m
  ↳ app/views/email/show.js.erb:3
  [1m[35m (0.2ms)[0m  [1m[35mCOMMIT[0m
  ↳ app/views/email/show.js.erb:3
  Rendered email/_email.html.erb (1.1ms)
  Rendered email/show.js.erb (4.3ms)
Completed 200 OK in 14ms (Views: 9.4ms | ActiveRecord: 0.9ms)


Started GET "/email/6" for 127.0.0.1 at 2019-03-01 02:46:22 +0100
Processing by EmailController#show as JS
  Parameters: {"id"=>"6"}
  [1m[36mEmail Load (0.5ms)[0m  [1m[34mSELECT  "emails".* FROM "emails" WHERE "emails"."id" = $1 LIMIT $2[0m  [["id", 6], ["LIMIT", 1]]
  ↳ app/controllers/email_controller.rb:9
  Rendering email/show.js.erb
  [1m[35m (0.3ms)[0m  [1m[35mBEGIN[0m
  ↳ app/views/email/show.js.erb:3
  [1m[35m (0.3ms)[0m  [1m[35mCOMMIT[0m
  ↳ app/views/email/show.js.erb:3
  Rendered email/_email.html.erb (0.8ms)
  Rendered email/show.js.erb (4.0ms)
Completed 200 OK in 10ms (Views: 6.7ms | ActiveRecord: 1.0ms)


Started DELETE "/email/6" for 127.0.0.1 at 2019-03-01 02:46:23 +0100
Processing by EmailController#destroy as JS
  Parameters: {"id"=>"6"}
  [1m[36mEmail Load (0.3ms)[0m  [1m[34mSELECT  "emails".* FROM "emails" WHERE "emails"."id" = $1 LIMIT $2[0m  [["id", 6], ["LIMIT", 1]]
  ↳ app/controllers/email_controller.rb:21
  [1m[35m (0.2ms)[0m  [1m[35mBEGIN[0m
  ↳ app/controllers/email_controller.rb:22
  [1m[36mEmail Destroy (0.4ms)[0m  [1m[31mDELETE FROM "emails" WHERE "emails"."id" = $1[0m  [["id", 6]]
  ↳ app/controllers/email_controller.rb:22
  [1m[35m (2.7ms)[0m  [1m[35mCOMMIT[0m
  ↳ app/controllers/email_controller.rb:22
  Rendering email/destroy.js.erb
  [1m[36mEmail Load (0.5ms)[0m  [1m[34mSELECT "emails".* FROM "emails"[0m
  ↳ app/views/email/_del.html.erb:2
  Rendered email/_del.html.erb (3.0ms)
  Rendered email/destroy.js.erb (4.6ms)
Completed 200 OK in 17ms (Views: 7.7ms | ActiveRecord: 4.0ms)


